#COLLECTE 4 WINNING_JOBS
##PARALLEL JOB[3] (1,expjob_1) timing=10848 dir=minplacer\00001_pa01_00006_rplan
##PARALLEL JOB[2] (0,expjob_0) timing=10848 dir=minplacer\00000_pa00_00006_rplan
##PARALLEL JOB[1] (2,expjob_2) timing=10412 dir=minplacer\00002_pa02_00006_rplan
##PARALLEL JOB[0] (3,expjob_3) timing=10355 dir=minplacer\00003_pa03_00006_rplan
PrePlaceDly=44963
#PLC_RUNDIR=minplacer\00003_pa03_00003_wl timing=6607 cg=0
PlaceDly=6607
TWL=8350
PEAKMEM=1304MB
#PLC_RUNDIR=minplacer\00003_pa03_00004_repopt timing=6607 cg=0
PlaceDly=6607
TWL=8350
PEAKMEM=1337MB
#PLC_RUNDIR=minplacer\00003_pa03_00005_post timing=10355 cg=0
PostIter=7
PlaceDly=10355
TWL=8180
PEAKMEM=1415MB
TotPostIter=7
#PLC_RUNDIR=minplacer\00003_pa03_00006_rplan timing=10355 cg=50
FinderPnRatio=50
FinderPnIter=0
PlaceDly=10355
PEAKMEM=1374MB
ParWin                              =expjob_3
