Timing Summary
==============

   POST-ROUTE

         Group  No. Clocks  No. Clock Pairs  WNS(ps)  TNS(ps)  TNS Endpoints      
   -----------  ----------  ---------------  -------  -------  -------------      
    <UDEF_clk>           1                1    -8438  -599847            197      




Clocks
======

            Clock    Clock net        Group  Constrained Period(ps)      Waveform(ps)   Achievable Period(ps)  Achievable Frequency(MHz)
   --------------  -----------  -----------  ----------------------  -----------------  ---------------------  -------------------------
              clk          clk   <UDEF_clk>           (auto) 2000            (0,1000)                  10437                     95.813 




Clock Relationships
===================

       From Clock        To Clock               Group    Endpoints     WNS(ps)    TNS(ps)  TNS Endpoints
   --------------  --------------  ------------------  -----------  ----------  ---------  -------------
              clk             clk          <UDEF_clk>          198       -8438    -599847            197




Timing Details for Clock Pair clk and clk
=========================================

       From Clock        To Clock               Group    Endpoints     WNS(ps)    TNS(ps)  TNS Endpoints
   --------------  --------------  ------------------  -----------  ----------  ---------  -------------
              clk             clk          <UDEF_clk>          198       -8438    -599847            197

Path 11:
   Slack (not met):                         -8438ps
     Path type:                               SETUP
     Group:                              <UDEF_clk>
     Launching clock:                           clk (rising edge)
     Capturing clock:                           clk (rising edge)

     Requested period:                       2000ps
   + Delay of the capturing clock:           2328ps
   - Clock uncertainty:                       150ps
   = Required time:                          4178ps
   - Propagation time:                      10295ps (49.6% logic, 50.4% route, logic stage 5)
   - Delay of the launching clock:           2321ps
   = Slack:                                 -8438ps

   Instance/Pin or Net Name                               Type         ID     Location or Fanout   Delay(ps)  Edge  Arrival Time(ps)    Instance detail                                                                             
   -----------------------------------------------------------------------------------------------------------------------------------------------------------------------------------------------------------------------------------
   clk                                                    CLOCK-PORT    -                      -     launch     r               0                                                                                                   
   clk                                                    Clock net    17           (fanout=613)       2321                     -                                                                                                   
   RBB_20/CLK                                             RBB_6L       20  [TILE 0 0, RBB 13 14]          -     r            2321                                                                                                   
   -----------------------------------------------------------------------------------------------------------------------------------------------------------------------------------------------------------------------------------
   RBB_20/BQ                                              RBB_6L       20  [TILE 0 0, RBB 13 14]        800     r            3121     {inst103: p_clk.count_FDRE_Q_20 (FDR,site=bff)}                                               
   p_clk.count[5]                                         Net          33             (fanout=2)       1693                     -                                                                                                   
   RBB_27/D3                                              RBB_6L       27  [TILE 0 0, RBB 10 10]          -     r            4814                                                                                                   
   RBB_27/D                                               RBB_6L       27  [TILE 0 0, RBB 10 10]        703     r            5517     {inst127: p_clk.tick_FDSE_Q_D_INV_O_I_CARRY4_O_CI_CARRY4_CO_S_2_LUT6_O (LUT,site=dlut,dluto)} 
   p_clk.tick_FDSE_Q_D_INV_O_I_CARRY4_O_CI_CARRY4_CO_S_2  Net          76             (fanout=1)       1190                     -                                                                                                   
   RBB_17/B1                                              RBB_6L       17  [TILE 0 0, RBB 10 12]          -     r            6707                                                                                                   
   RBB_17/COUT                                            RBB_6L       17  [TILE 0 0, RBB 10 12]       1169     r            7876     {inst121: p_clk.tick_FDSE_Q_D_INV_O_I_CARRY4_O_CI_CARRY4_CO (CARRY4)}                         
   p_clk.tick_FDSE_Q_D_INV_O_I_CARRY4_O_CI                Net          67             (fanout=1)          0                     -                                                                                                   
   RBB_18/CIN                                             RBB_6L       18  [TILE 0 0, RBB 13 12]          -     r            7876                                                                                                   
   RBB_18/BMUX                                            RBB_6L       18  [TILE 0 0, RBB 13 12]        573     r            8449     {inst120: p_clk.tick_FDSE_Q_D_INV_O_I_CARRY4_O (CARRY4)}                                      
   p_clk.tick_FDSE_Q_D_INV_O_I                            Net         190             (fanout=2)        792                     -                                                                                                   
   RBB_26/D1                                              RBB_6L       26   [TILE 0 0, RBB 13 8]          -     r            9241                                                                                                   
   RBB_26/D                                               RBB_6L       26   [TILE 0 0, RBB 13 8]       1062     r           10303     {inst117: p_clk.counter_reg_LUT2_I1 (LUT,site=dlut)}                                          
   p_clk.counter_reg_FDRE_Q_D                             Net         126             (fanout=1)       1513                     -                                                                                                   
   RBB_7/O[0]                                             IOB           7   [TILE 0 0, RBB 31 8]          -     r           11816     {inst172: pulse_OUT (FDR)} {(output_port) inst168: g_168_pulse_obuf (IO)}                     
   -----------------------------------------------------------------------------------------------------------------------------------------------------------------------------------------------------------------------------------
   RBB_7/CLK                                              IOB           7   [TILE 0 0, RBB 31 8]        800     r           12616                                                                                                   
   clk                                                    Clock net    17           (fanout=613)      -2328                     -                                                                                                   
   clk                                                    CLOCK-PORT    -                      -    capture     r           10288                                                                                                   
   -----------------------------------------------------------------------------------------------------------------------------------------------------------------------------------------------------------------------------------


Path 2:
   Slack (not met):                         -8201ps
     Path type:                               SETUP
     Group:                              <UDEF_clk>
     Launching clock:                           clk (rising edge)
     Capturing clock:                           clk (rising edge)

     Requested period:                       2000ps
   + Delay of the capturing clock:           2294ps
   - Clock uncertainty:                       150ps
   = Required time:                          4144ps
   - Propagation time:                      10022ps (47.0% logic, 53.0% route, logic stage 4)
   - Delay of the launching clock:           2323ps
   = Slack:                                 -8201ps

   Instance/Pin or Net Name            Type         ID     Location or Fanout   Delay(ps)  Edge  Arrival Time(ps)    Instance detail                                                                   
   ------------------------------------------------------------------------------------------------------------------------------------------------------------------------------------------------------
   clk                                 CLOCK-PORT    -                      -     launch     r               0                                                                                         
   clk                                 Clock net    17           (fanout=613)       2323                     -                                                                                         
   RBB_29/CLK                          RBB_6L       29  [TILE 0 0, RBB 13 10]          -     r            2323                                                                                         
   ------------------------------------------------------------------------------------------------------------------------------------------------------------------------------------------------------
   RBB_29/DMUX                         RBB_6L       29  [TILE 0 0, RBB 13 10]       1466     r            3789     {inst87: my_fsm.state_FDRE_Q_2 (FDRE,site=dffo)}                                    
   my_fsm.state[2]                     Net          61            (fanout=12)        904                     -                                                                                         
   RBB_27/C3                           RBB_6L       27  [TILE 0 0, RBB 10 10]          -     r            4693                                                                                         
   RBB_27/CMUX                         RBB_6L       27  [TILE 0 0, RBB 10 10]        646     r            5339     {inst59: my_fsm.W_green_FDRE_Q_D_LUT5_O_1 (LUT,site=cluto)}                         
   my_fsm.W_green_FDRE_Q_D[0]          Net         184             (fanout=2)       1026                     -                                                                                         
   RBB_26/B1                           RBB_6L       26   [TILE 0 0, RBB 13 8]          -     r            6365                                                                                         
   RBB_26/B                            RBB_6L       26   [TILE 0 0, RBB 13 8]        879     r            7244     {inst57: my_fsm.W_green_FDRE_Q_D_LUT2_I0 (LUT,site=blut)}                           
   my_fsm.S_red_FDSE_Q_D_LUT2_I1_O[3]  Net          46             (fanout=6)       1361                     -                                                                                         
   RBB_15/A3                           RBB_6L       15  [TILE 0 0, RBB 16 12]          -     r            8605                                                                                         
   RBB_15/AMUX                         RBB_6L       15  [TILE 0 0, RBB 16 12]        804     r            9409     {inst49: my_fsm.S_red_FDSE_Q_CE_LUT3_O (LUT,site=aluto)}                            
   my_fsm.S_red_FDSE_Q_CE              Net         136             (fanout=2)       2021                     -                                                                                         
   RBB_13/CE                           IOB          13  [TILE 0 0, RBB 31 26]          -     r           11430     {inst48: my_fsm.S_red_FDSE_Q (FDRE)} {(output_port) inst156: g_156_S_red_obuf (IO)} 
   ------------------------------------------------------------------------------------------------------------------------------------------------------------------------------------------------------
   RBB_13/CLK                          IOB          13  [TILE 0 0, RBB 31 26]        915     r           12345                                                                                         
   clk                                 Clock net    17           (fanout=613)      -2294                     -                                                                                         
   clk                                 CLOCK-PORT    -                      -    capture     r           10051                                                                                         
   ------------------------------------------------------------------------------------------------------------------------------------------------------------------------------------------------------


Path 1:
   Slack (not met):                         -8187ps
     Path type:                               SETUP
     Group:                              <UDEF_clk>
     Launching clock:                           clk (rising edge)
     Capturing clock:                           clk (rising edge)

     Requested period:                       2000ps
   + Delay of the capturing clock:           2316ps
   - Clock uncertainty:                       150ps
   = Required time:                          4166ps
   - Propagation time:                      10030ps (46.2% logic, 53.8% route, logic stage 4)
   - Delay of the launching clock:           2323ps
   = Slack:                                 -8187ps

   Instance/Pin or Net Name            Type         ID     Location or Fanout   Delay(ps)  Edge  Arrival Time(ps)    Instance detail                                                                         
   ------------------------------------------------------------------------------------------------------------------------------------------------------------------------------------------------------------
   clk                                 CLOCK-PORT    -                      -     launch     r               0                                                                                               
   clk                                 Clock net    17           (fanout=613)       2323                     -                                                                                               
   RBB_29/CLK                          RBB_6L       29  [TILE 0 0, RBB 13 10]          -     r            2323                                                                                               
   ------------------------------------------------------------------------------------------------------------------------------------------------------------------------------------------------------------
   RBB_29/DMUX                         RBB_6L       29  [TILE 0 0, RBB 13 10]       1466     r            3789     {inst87: my_fsm.state_FDRE_Q_2 (FDRE,site=dffo)}                                          
   my_fsm.state[2]                     Net          61            (fanout=12)        904                     -                                                                                               
   RBB_27/C3                           RBB_6L       27  [TILE 0 0, RBB 10 10]          -     r            4693                                                                                               
   RBB_27/CMUX                         RBB_6L       27  [TILE 0 0, RBB 10 10]        646     r            5339     {inst59: my_fsm.W_green_FDRE_Q_D_LUT5_O_1 (LUT,site=cluto)}                               
   my_fsm.W_green_FDRE_Q_D[0]          Net         184             (fanout=2)       1026                     -                                                                                               
   RBB_26/B1                           RBB_6L       26   [TILE 0 0, RBB 13 8]          -     r            6365                                                                                               
   RBB_26/B                            RBB_6L       26   [TILE 0 0, RBB 13 8]        879     r            7244     {inst57: my_fsm.W_green_FDRE_Q_D_LUT2_I0 (LUT,site=blut)}                                 
   my_fsm.S_red_FDSE_Q_D_LUT2_I1_O[3]  Net          46             (fanout=6)       1361                     -                                                                                               
   RBB_15/A3                           RBB_6L       15  [TILE 0 0, RBB 16 12]          -     r            8605                                                                                               
   RBB_15/AMUX                         RBB_6L       15  [TILE 0 0, RBB 16 12]        804     r            9409     {inst49: my_fsm.S_red_FDSE_Q_CE_LUT3_O (LUT,site=aluto)}                                  
   my_fsm.S_red_FDSE_Q_CE              Net         136             (fanout=2)       2103                     -                                                                                               
   RBB_11/CE                           IOB          11  [TILE 0 0, RBB 31 24]          -     r           11512     {inst54: my_fsm.S_yellow_FDRE_Q (FDRE)} {(output_port) inst158: g_158_S_yellow_obuf (IO)} 
   ------------------------------------------------------------------------------------------------------------------------------------------------------------------------------------------------------------
   RBB_11/CLK                          IOB          11  [TILE 0 0, RBB 31 24]        841     r           12353                                                                                               
   clk                                 Clock net    17           (fanout=613)      -2316                     -                                                                                               
   clk                                 CLOCK-PORT    -                      -    capture     r           10037                                                                                               
   ------------------------------------------------------------------------------------------------------------------------------------------------------------------------------------------------------------













