net 6: (24 0)->(24 0) 0 0 0 0 #timing (1 1) ps polarity 1
net 6: (24 0)->(24 0) 1 0 0 0 #timing (86 89) ps polarity 0
net 6: (24 0)->(24 0) 5 0 0 0 #timing (192 206) ps polarity 1
net 6: (24 0)->(24 16) 13 1 0 0 #timing (824 694) ps polarity 0
net 6: (24 16)->(24 24) 5 1 0 1 #timing (1271 1120) ps  polarity 1
net 6: (24 24)->(24 28) 3 1 0 1 #timing (1606 1619) ps  polarity 1
net 6: (24 28)->(24 30) 1 1 0 1 #timing (1750 1755) ps  polarity 0
net 6: (24 30)->(24 31) 0 1 0 1 #timing (1895 1900) ps  polarity 1
net 6: (24 30)->(25 31) 0 3 0 1 #timing (1897 1902) ps  polarity 1
net 6: (24 28)->(26 30) 1 3 0 1 #timing (1759 1761) ps  polarity 0
net 6: (26 30)->(26 31) 0 1 0 1 #timing (1902 1911) ps  polarity 1
net 6: (26 30)->(27 31) 0 3 0 1 #timing (1904 1912) ps  polarity 1
net 6: (24 16)->(8 16) 13 2 0 0 #timing (1403 1428) ps polarity 1
net 6: (8 16)->(8 24) 5 1 0 1 #timing (1886 1893) ps  polarity 0
net 6: (8 24)->(8 28) 3 1 0 1 #timing (2355 2234) ps  polarity 0
net 6: (8 28)->(8 30) 1 1 0 1 #timing (2506 2375) ps  polarity 1
net 6: (8 30)->(9 31) 0 3 0 1 #timing (2513 2650) ps  polarity 0
net 6: (8 24)->(4 24) 4 5 0 1 #timing (2282 2210) ps  polarity 0
net 6: (4 24)->(4 28) 3 1 0 1 #timing (2587 2451) ps  polarity 0
net 6: (4 28)->(4 30) 1 1 0 1 #timing (2728 2585) ps  polarity 1
net 6: (4 30)->(4 31) 0 1 0 1 #timing (2691 2850) ps  polarity 0
net 6: (24 0)->(9 0) 13 2 1 0 #timing (934 778) ps polarity 0
net 6: (9 0)->(9 0) 5 0 0 1 #timing (1184 1037) ps  polarity 0
net 6: (9 0)->(9 0) 1 0 0 1 #timing (1330 1182) ps  polarity 0
net 6: (9 0)->(8 0) 0 2 0 1 #timing (1265 1419) ps  polarity 1
net 6: (9 0)->(5 0) 4 5 0 1 #timing (1558 1354) ps  polarity 1
net 6: (5 0)->(7 0) 1 2 0 1 #timing (1857 1582) ps  polarity 0
net 6: (7 0)->(7 0) 0 0 0 1 #timing (1689 1978) ps  polarity 1
net 6: (7 0)->(6 0) 0 2 0 1 #timing (1708 1988) ps  polarity 1
net 6: (9 0)->(9 8) 5 1 0 1 #timing (1453 1271) ps  polarity 1
net 6: (9 8)->(9 12) 3 1 0 1 #timing (1715 1800) ps  polarity 1
net 6: (9 12)->(9 12) 1 0 1 1 #timing (1837 1924) ps  polarity 0
net 6: (9 12)->(8 13) 0 3 0 1 #timing (2083 1968) ps  polarity 1
net 6: (9 12)->(11 12) 1 2 0 1 #timing (1926 1986) ps  polarity 0
net 6: (11 12)->(10 13) 0 3 0 1 #timing (2163 2107) ps  polarity 1
net 6: (24 0)->(24 1) 0 1 0 0 #timing (2 2) ps polarity 1
net 6: (24 1)->(26 3) 1 3 0 0 #timing (163 141) ps polarity 0
net 6: (26 3)->(26 3) 5 0 0 0 #timing (263 332) ps polarity 1
net 6: (26 3)->(26 19) 13 1 0 0 #timing (916 738) ps polarity 0
net 6: (26 19)->(26 27) 5 1 0 1 #timing (1359 1162) ps  polarity 1
net 6: (26 27)->(22 27) 4 5 0 1 #timing (1692 1434) ps  polarity 1
net 6: (22 27)->(22 31) 3 1 0 1 #timing (1995 1680) ps  polarity 1
net 6: (22 31)->(22 31) 1 0 0 1 #timing (2097 1787) ps  polarity 0
net 6: (22 31)->(22 31) 0 0 0 1 #timing (1892 2201) ps 
net 6: (22 31)->(23 31) 0 2 0 1 #timing (1893 2202) ps  polarity 1
net 6: (22 31)->(22 31) 1 0 1 1 #timing (2097 1786) ps  polarity 0
net 6: (22 31)->(22 31) 0 0 0 1 #timing (1892 2201) ps  polarity 1
net 6: (22 31)->(23 31) 0 2 0 1 #timing (1773 2082) ps 
net 6: (26 19)->(10 19) 13 2 0 0 #timing (1434 1509) ps polarity 1
net 6: (10 19)->(10 27) 5 1 0 1 #timing (1905 1958) ps  polarity 0
net 6: (10 27)->(10 31) 3 1 0 1 #timing (2385 2235) ps  polarity 0
net 6: (10 31)->(8 31) 1 2 0 1 #timing (2505 2354) ps  polarity 1
net 6: (8 31)->(8 31) 0 0 0 1 #timing (2455 2614) ps  polarity 0
net 6: (10 27)->(6 27) 4 5 0 1 #timing (2244 2239) ps  polarity 0
net 6: (6 27)->(6 31) 3 1 0 1 #timing (2566 2492) ps  polarity 0
net 6: (6 31)->(4 31) 1 2 0 1 #timing (2733 2644) ps  polarity 1
net 6: (4 31)->(5 31) 0 2 0 1 #timing (2765 2876) ps  polarity 0
net 6: (24 0)->(25 1) 0 3 0 0 #timing (3 3) ps polarity 1
net 6: (25 1)->(25 3) 1 1 0 0 #timing (110 107) ps polarity 0
net 6: (25 3)->(25 7) 3 1 0 0 #timing (447 400) ps polarity 0
net 6: (25 7)->(25 7) 5 0 0 0 #timing (581 545) ps polarity 1
net 6: (25 7)->(17 15) 5 3 0 1 #timing (1139 1109) ps  polarity 1
net 6: (17 15)->(13 15) 4 5 0 1 #timing (1427 1442) ps  polarity 0
net 6: (13 15)->(13 15) 1 0 0 1 #timing (1541 1431) ps 
net 6: (13 15)->(13 13) 1 1 0 1 #timing (1584 1462) ps 
net 6: (13 15)->(13 19) 3 4 0 1 #timing (1696 1660) ps  polarity 0
net 6: (13 19)->(13 19) 1 0 0 1 #timing (1798 1765) ps  polarity 1
net 6: (13 19)->(12 18) 0 3 0 1 #timing (1900 1918) ps  polarity 0
net 6: (25 3)->(25 3) 5 0 0 0 #timing (218 256) ps polarity 1
net 6: (25 3)->(17 11) 5 3 0 1 #timing (798 834) ps  polarity 1
net 6: (17 11)->(13 11) 4 5 0 1 #timing (1164 1105) ps  polarity 0
net 6: (13 11)->(13 15) 3 1 0 1 #timing (1443 1327) ps  polarity 0
net 6: (13 15)->(13 15) 1 0 0 1 #timing (1541 1431) ps  polarity 1
net 6: (13 15)->(12 15) 0 2 0 1 #timing (1552 1655) ps  polarity 0
net 6: (13 15)->(13 13) 1 1 0 1 #timing (1584 1462) ps  polarity 1
net 6: (13 13)->(12 13) 0 2 0 1 #timing (1593 1723) ps  polarity 0
net 10: (9 15)->(9 15) 0 0 0 0 #timing (760 760) ps polarity 1
net 10: (9 15)->(11 13) 1 3 0 0 #timing (926 894) ps polarity 0
net 10: (11 13)->(9 15) 1 3 0 1 #timing (1281 1185) ps  polarity 1
net 10: (9 15)->(9 15) 0 0 0 1 #timing (1336 1472) ps  polarity 0
net 15: (8 15)->(9 14) 0 3 0 0 #timing (695 695) ps polarity 1
net 15: (9 14)->(11 12) 1 3 0 0 #timing (865 839) ps polarity 0
net 15: (11 12)->(9 14) 1 3 0 1 #timing (1220 1128) ps  polarity 1
net 15: (9 14)->(8 15) 0 3 0 1 #timing (1310 1428) ps  polarity 0
net 16: (8 14)->(8 14) 0 0 0 0 #timing (177 177) ps polarity 0
net 16: (8 14)->(10 12) 1 3 0 0 #timing (347 316) ps polarity 1
net 16: (10 12)->(10 12) 1 0 0 1 #timing (569 515) ps  polarity 0
net 16: (10 12)->(10 13) 0 1 0 1 #timing (663 696) ps  polarity 1
net 16: (10 12)->(10 16) 3 4 0 0 #timing (680 658) ps polarity 1
net 16: (10 16)->(14 16) 4 2 0 0 #timing (950 915) ps polarity 1
net 16: (14 16)->(12 18) 1 3 0 1 #timing (1170 1162) ps  polarity 0
net 16: (12 18)->(12 18) 0 0 0 1 #timing (1317 1347) ps  polarity 1
net 16: (14 16)->(14 12) 3 4 0 1 #timing (1347 1278) ps  polarity 1
net 16: (14 12)->(12 12) 1 2 0 1 #timing (1500 1418) ps  polarity 0
net 16: (12 12)->(12 13) 0 1 0 1 #timing (1588 1662) ps  polarity 1
net 18: (15 18)->(15 18) 0 0 0 0 #timing (661 661) ps polarity 1
net 18: (15 18)->(13 16) 1 3 0 0 #timing (829 797) ps polarity 0
net 18: (13 16)->(15 16) 1 2 0 1 #timing (1107 1044) ps  polarity 1
net 18: (15 16)->(15 17) 0 1 0 1 #timing (1219 1276) ps  polarity 0
net 18: (13 16)->(13 12) 3 4 0 0 #timing (1110 1127) ps polarity 0
net 18: (13 12)->(13 8) 3 1 0 1 #timing (1527 1448) ps  polarity 0
net 18: (13 8)->(13 10) 1 1 0 1 #timing (1677 1586) ps  polarity 1
net 18: (13 10)->(13 11) 0 1 0 1 #timing (1743 1830) ps  polarity 0
net 19: (14 18)->(14 18) 0 0 0 0 #timing (704 704) ps polarity 1
net 19: (14 18)->(14 18) 1 0 0 0 #timing (775 779) ps polarity 0
net 19: (14 18)->(14 14) 3 4 0 0 #timing (1021 983) ps polarity 0
net 19: (14 14)->(14 10) 3 1 0 1 #timing (1432 1297) ps  polarity 0
net 19: (14 10)->(12 10) 1 2 0 1 #timing (1588 1437) ps  polarity 1
net 19: (12 10)->(13 11) 0 3 0 1 #timing (1591 1745) ps  polarity 0
net 19: (14 18)->(15 18) 0 2 0 0 #timing (704 704) ps polarity 1
net 19: (15 18)->(15 18) 1 0 0 0 #timing (782 787) ps polarity 0
net 19: (15 18)->(15 16) 1 1 0 1 #timing (1031 990) ps  polarity 1
net 19: (15 16)->(14 17) 0 3 0 1 #timing (1141 1181) ps  polarity 0
net 20: (15 16)->(15 16) 0 0 0 0 #timing (637 637) ps polarity 1
net 20: (15 16)->(13 18) 1 3 0 0 #timing (787 763) ps polarity 0
net 20: (13 18)->(15 16) 1 3 0 1 #timing (1121 1045) ps  polarity 1
net 20: (15 16)->(15 16) 0 0 0 1 #timing (1180 1288) ps  polarity 0
net 20: (13 18)->(13 18) 5 0 1 0 #timing (899 978) ps polarity 1
net 20: (13 18)->(13 3) 13 1 1 0 #timing (1622 1423) ps polarity 0
net 20: (13 3)->(13 11) 5 1 0 1 #timing (2085 1869) ps  polarity 1
net 20: (13 11)->(13 11) 1 0 1 1 #timing (2075 2256) ps  polarity 0
net 20: (13 11)->(13 11) 0 0 0 1 #timing (2382 2191) ps  polarity 1
net 21: (14 16)->(14 16) 0 0 0 0 #timing (649 649) ps polarity 1
net 21: (14 16)->(12 18) 1 3 0 0 #timing (793 772) ps polarity 0
net 21: (12 18)->(14 16) 1 3 0 1 #timing (1120 1055) ps  polarity 1
net 21: (14 16)->(14 16) 0 0 0 1 #timing (1206 1288) ps  polarity 0
net 21: (12 18)->(12 18) 5 0 0 0 #timing (903 978) ps polarity 1
net 21: (12 18)->(12 3) 13 1 1 0 #timing (1570 1388) ps polarity 0
net 21: (12 3)->(12 11) 5 1 0 1 #timing (1999 1799) ps  polarity 1
net 21: (12 11)->(12 11) 1 0 1 1 #timing (2011 2174) ps  polarity 0
net 21: (12 11)->(13 11) 0 2 0 1 #timing (2310 2132) ps  polarity 1
net 22: (15 21)->(15 20) 0 1 0 0 #timing (700 700) ps polarity 1
net 22: (15 20)->(15 20) 1 0 0 0 #timing (782 781) ps polarity 0
net 22: (15 20)->(15 20) 1 0 1 1 #timing (986 952) ps  polarity 1
net 22: (15 20)->(15 21) 0 1 0 1 #timing (1099 1112) ps  polarity 0
net 23: (14 21)->(14 20) 0 1 0 0 #timing (736 736) ps polarity 1
net 23: (14 20)->(14 20) 1 0 0 0 #timing (822 820) ps polarity 0
net 23: (14 20)->(14 20) 1 0 1 1 #timing (1025 990) ps  polarity 1
net 23: (14 20)->(14 21) 0 1 0 1 #timing (1110 1137) ps  polarity 0
net 23: (14 20)->(15 21) 0 3 0 1 #timing (1106 1134) ps  polarity 0
net 24: (15 19)->(14 19) 0 2 0 0 #timing (712 712) ps polarity 1
net 24: (14 19)->(14 19) 1 0 0 0 #timing (791 794) ps polarity 0
net 24: (14 19)->(14 19) 1 0 1 1 #timing (994 964) ps  polarity 1
net 24: (14 19)->(15 19) 0 2 0 1 #timing (1060 1092) ps  polarity 0
net 25: (14 19)->(14 19) 0 0 0 0 #timing (680 680) ps polarity 1
net 25: (14 19)->(14 17) 1 1 0 0 #timing (788 783) ps polarity 0
net 25: (14 17)->(14 21) 3 1 0 0 #timing (1091 1045) ps polarity 0
net 25: (14 21)->(14 21) 1 0 1 1 #timing (1299 1219) ps  polarity 1
net 25: (14 21)->(14 21) 0 0 0 1 #timing (1334 1409) ps  polarity 0
net 25: (14 21)->(14 20) 0 1 0 1 #timing (1346 1415) ps  polarity 0
net 26: (15 12)->(15 12) 0 0 0 0 #timing (661 661) ps polarity 1
net 26: (15 12)->(15 14) 1 1 0 0 #timing (768 763) ps polarity 0
net 26: (15 14)->(15 10) 3 1 0 1 #timing (1217 1114) ps  polarity 0
net 26: (15 10)->(15 10) 1 0 0 1 #timing (1310 1214) ps  polarity 1
net 26: (15 10)->(15 11) 0 1 0 1 #timing (1378 1444) ps  polarity 0
net 26: (15 14)->(11 14) 4 2 0 0 #timing (1027 1027) ps polarity 0
net 26: (11 14)->(11 12) 1 1 0 1 #timing (1291 1247) ps  polarity 1
net 26: (11 12)->(10 12) 0 2 0 1 #timing (1381 1437) ps  polarity 0
net 27: (14 12)->(14 12) 0 0 0 0 #timing (704 704) ps polarity 1
net 27: (14 12)->(14 14) 1 1 0 0 #timing (803 799) ps polarity 0
net 27: (14 14)->(14 10) 3 1 0 0 #timing (1087 1061) ps polarity 0
net 27: (14 10)->(14 10) 1 0 1 1 #timing (1300 1240) ps  polarity 1
net 27: (14 10)->(14 11) 0 1 0 1 #timing (1337 1397) ps  polarity 0
net 27: (14 12)->(15 13) 0 3 0 0 #timing (675 675) ps polarity 1
net 27: (15 13)->(15 13) 1 0 0 0 #timing (769 771) ps polarity 0
net 27: (15 13)->(11 13) 4 2 0 0 #timing (1012 989) ps polarity 0
net 27: (11 13)->(11 13) 1 0 1 1 #timing (1200 1196) ps  polarity 1
net 27: (11 13)->(11 12) 0 1 0 1 #timing (1332 1319) ps  polarity 0
net 28: (15 10)->(15 10) 0 0 0 0 #timing (637 637) ps polarity 1
net 28: (15 10)->(15 10) 1 0 0 0 #timing (709 715) ps polarity 0
net 28: (15 10)->(15 10) 1 0 1 1 #timing (912 886) ps  polarity 1
net 28: (15 10)->(15 10) 0 0 0 1 #timing (1033 1039) ps  polarity 0
net 29: (14 10)->(14 11) 0 1 0 0 #timing (656 656) ps polarity 1
net 29: (14 11)->(14 11) 1 0 0 0 #timing (737 736) ps polarity 0
net 29: (14 11)->(14 11) 1 0 1 1 #timing (940 907) ps  polarity 1
net 29: (14 11)->(14 10) 0 1 0 1 #timing (1018 1046) ps  polarity 0
net 30: (15 15)->(14 15) 0 2 0 0 #timing (692 692) ps polarity 1
net 30: (14 15)->(14 15) 1 0 0 0 #timing (771 774) ps polarity 0
net 30: (14 15)->(14 11) 3 1 0 0 #timing (1047 994) ps polarity 0
net 30: (14 11)->(10 11) 4 2 0 0 #timing (1367 1275) ps polarity 0
net 30: (10 11)->(10 11) 1 0 0 1 #timing (1488 1552) ps  polarity 1
net 30: (10 11)->(10 11) 0 0 0 1 #timing (1683 1607) ps  polarity 0
net 30: (15 15)->(14 14) 0 3 0 0 #timing (702 703) ps polarity 1
net 30: (14 14)->(14 14) 1 0 0 0 #timing (794 792) ps polarity 0
net 30: (14 14)->(14 14) 1 0 1 1 #timing (997 962) ps  polarity 1
net 30: (14 14)->(15 15) 0 3 0 1 #timing (1077 1105) ps  polarity 0
net 31: (14 15)->(15 15) 0 2 0 0 #timing (738 738) ps polarity 1
net 31: (15 15)->(15 15) 1 0 0 0 #timing (816 820) ps polarity 0
net 31: (15 15)->(15 11) 3 1 0 0 #timing (1097 1042) ps polarity 0
net 31: (15 11)->(11 11) 4 2 0 0 #timing (1357 1286) ps polarity 0
net 31: (11 11)->(11 11) 1 0 1 1 #timing (1501 1540) ps  polarity 1
net 31: (11 11)->(10 11) 0 2 0 1 #timing (1672 1620) ps  polarity 0
net 31: (14 15)->(15 14) 0 3 0 0 #timing (743 743) ps polarity 1
net 31: (15 14)->(15 14) 1 0 0 0 #timing (829 830) ps polarity 0
net 31: (15 14)->(15 14) 1 0 1 1 #timing (1032 1000) ps  polarity 1
net 31: (15 14)->(14 15) 0 3 0 1 #timing (1145 1156) ps  polarity 0
net 31: (15 14)->(15 10) 3 1 0 0 #timing (1131 1068) ps polarity 0
net 31: (15 10)->(13 10) 1 2 0 1 #timing (1387 1275) ps  polarity 1
net 31: (13 10)->(12 10) 0 2 0 1 #timing (1421 1551) ps  polarity 0
net 32: (15 13)->(15 12) 0 1 0 0 #timing (719 719) ps polarity 1
net 32: (15 12)->(15 12) 1 0 0 0 #timing (806 807) ps polarity 0
net 32: (15 12)->(15 8) 3 1 0 0 #timing (1090 1035) ps polarity 0
net 32: (15 8)->(11 8) 4 2 0 0 #timing (1362 1285) ps polarity 0
net 32: (11 8)->(11 10) 1 1 0 1 #timing (1539 1574) ps  polarity 1
net 32: (11 10)->(10 11) 0 3 0 1 #timing (1730 1691) ps  polarity 0
net 32: (15 13)->(14 13) 0 2 0 0 #timing (712 712) ps polarity 1
net 32: (14 13)->(14 13) 1 0 0 0 #timing (792 795) ps polarity 0
net 32: (14 13)->(14 15) 1 1 0 1 #timing (1039 996) ps  polarity 1
net 32: (14 15)->(15 14) 0 3 0 1 #timing (1129 1177) ps  polarity 0
net 33: (14 13)->(14 12) 0 1 0 0 #timing (701 700) ps polarity 1
net 33: (14 12)->(14 12) 1 0 0 0 #timing (787 791) ps polarity 0
net 33: (14 12)->(14 8) 3 1 0 0 #timing (1043 1002) ps polarity 0
net 33: (14 8)->(10 8) 4 2 0 0 #timing (1346 1271) ps polarity 0
net 33: (10 8)->(10 10) 1 1 0 1 #timing (1526 1560) ps  polarity 1
net 33: (10 10)->(10 11) 0 1 0 1 #timing (1693 1668) ps  polarity 0
net 33: (14 13)->(15 13) 0 2 0 0 #timing (688 688) ps polarity 1
net 33: (15 13)->(15 15) 1 1 0 0 #timing (800 787) ps polarity 0
net 33: (15 15)->(15 15) 1 0 1 1 #timing (1017 979) ps  polarity 1
net 33: (15 15)->(14 14) 0 3 0 1 #timing (1117 1138) ps  polarity 0
net 34: (15 28)->(15 28) 0 0 0 0 #timing (637 637) ps polarity 1
net 34: (15 28)->(13 30) 1 3 0 0 #timing (777 758) ps polarity 0
net 34: (13 30)->(15 28) 1 3 0 1 #timing (1092 1027) ps  polarity 1
net 34: (15 28)->(15 28) 0 0 0 1 #timing (1154 1246) ps  polarity 0
net 34: (13 30)->(13 30) 5 0 0 0 #timing (884 951) ps polarity 1
net 34: (13 30)->(13 14) 13 1 0 0 #timing (1591 1403) ps polarity 0
net 34: (13 14)->(13 14) 5 0 1 1 #timing (1816 1639) ps  polarity 0
net 34: (13 14)->(13 14) 1 0 1 1 #timing (1960 1778) ps  polarity 0
net 34: (13 14)->(13 14) 0 0 0 1 #timing (1910 2079) ps  polarity 1
net 35: (14 28)->(14 29) 0 1 0 0 #timing (656 656) ps polarity 1
net 35: (14 29)->(12 31) 1 3 0 0 #timing (805 780) ps polarity 0
net 35: (12 31)->(14 29) 1 3 0 1 #timing (1139 1066) ps  polarity 1
net 35: (14 29)->(14 28) 0 1 0 1 #timing (1235 1321) ps  polarity 0
net 35: (12 31)->(12 31) 5 0 0 0 #timing (917 1001) ps polarity 1
net 35: (12 31)->(12 14) 13 1 1 0 #timing (1695 1472) ps polarity 0
net 35: (12 14)->(12 14) 5 0 1 1 #timing (1919 1706) ps  polarity 0
net 35: (12 14)->(12 14) 1 0 1 1 #timing (2059 1845) ps  polarity 0
net 35: (12 14)->(13 14) 0 2 0 1 #timing (1984 2182) ps  polarity 1
net 36: (15 24)->(15 24) 0 0 0 0 #timing (661 661) ps polarity 1
net 36: (15 24)->(13 26) 1 3 0 0 #timing (819 793) ps polarity 0
net 36: (13 26)->(13 22) 3 4 0 1 #timing (1288 1166) ps  polarity 0
net 36: (13 22)->(15 22) 1 2 0 1 #timing (1451 1310) ps  polarity 1
net 36: (15 22)->(15 23) 0 1 0 1 #timing (1484 1612) ps  polarity 0
net 36: (13 26)->(13 26) 5 0 0 0 #timing (922 997) ps polarity 1
net 36: (13 26)->(13 10) 13 1 0 0 #timing (1641 1441) ps polarity 0
net 36: (13 10)->(13 10) 5 0 1 1 #timing (1874 1684) ps  polarity 0
net 36: (13 10)->(13 10) 1 0 1 1 #timing (2017 1823) ps  polarity 0
net 36: (13 10)->(12 11) 0 3 0 1 #timing (1985 2150) ps  polarity 1
net 37: (14 24)->(14 24) 0 0 0 0 #timing (704 704) ps polarity 1
net 37: (14 24)->(12 26) 1 3 0 0 #timing (855 830) ps polarity 0
net 37: (12 26)->(12 22) 3 4 0 1 #timing (1351 1214) ps  polarity 0
net 37: (12 22)->(14 22) 1 2 0 1 #timing (1479 1337) ps  polarity 1
net 37: (14 22)->(14 23) 0 1 0 1 #timing (1451 1618) ps  polarity 0
net 37: (12 26)->(12 26) 5 0 0 0 #timing (964 1044) ps polarity 1
net 37: (12 26)->(12 10) 13 1 0 0 #timing (1662 1465) ps polarity 0
net 37: (12 10)->(12 10) 5 0 1 1 #timing (1895 1709) ps  polarity 0
net 37: (12 10)->(12 10) 1 0 1 1 #timing (2035 1848) ps  polarity 0
net 37: (12 10)->(12 11) 0 1 0 1 #timing (1945 2132) ps  polarity 1
net 38: (15 22)->(15 22) 0 0 0 0 #timing (637 637) ps polarity 1
net 38: (15 22)->(13 20) 1 3 0 0 #timing (809 776) ps polarity 0
net 38: (13 20)->(15 22) 1 3 0 1 #timing (1113 1033) ps  polarity 1
net 38: (15 22)->(15 22) 0 0 0 1 #timing (1187 1284) ps  polarity 0
net 38: (13 20)->(13 24) 3 4 0 0 #timing (1115 1121) ps polarity 0
net 38: (13 24)->(13 24) 5 0 1 0 #timing (1241 1261) ps polarity 1
net 38: (13 24)->(13 9) 13 1 1 0 #timing (1917 1774) ps polarity 0
net 38: (13 9)->(13 9) 5 0 1 1 #timing (2135 2006) ps  polarity 0
net 38: (13 9)->(13 11) 1 1 0 1 #timing (2316 2174) ps  polarity 0
net 38: (13 11)->(12 11) 0 2 0 1 #timing (2309 2459) ps  polarity 1
net 39: (14 22)->(14 22) 0 0 0 0 #timing (649 649) ps polarity 1
net 39: (14 22)->(12 20) 1 3 0 0 #timing (838 798) ps polarity 0
net 39: (12 20)->(14 22) 1 3 0 1 #timing (1159 1065) ps  polarity 1
net 39: (14 22)->(14 22) 0 0 0 1 #timing (1197 1321) ps  polarity 0
net 39: (12 20)->(12 24) 3 4 0 0 #timing (1125 1139) ps polarity 0
net 39: (12 24)->(12 24) 5 0 1 0 #timing (1249 1278) ps polarity 1
net 39: (12 24)->(12 9) 13 1 1 0 #timing (1918 1768) ps polarity 0
net 39: (12 9)->(12 9) 5 0 1 1 #timing (2138 2003) ps  polarity 0
net 39: (12 9)->(12 11) 1 1 0 1 #timing (2316 2168) ps  polarity 0
net 39: (12 11)->(12 11) 0 0 0 1 #timing (2294 2457) ps  polarity 1
net 40: (15 27)->(15 27) 0 0 0 0 #timing (686 686) ps polarity 1
net 40: (15 27)->(13 25) 1 3 0 0 #timing (863 827) ps polarity 0
net 40: (13 25)->(15 27) 1 3 0 1 #timing (1198 1108) ps  polarity 1
net 40: (15 27)->(15 27) 0 0 0 1 #timing (1251 1373) ps  polarity 0
net 40: (15 27)->(14 27) 0 2 0 1 #timing (1270 1385) ps  polarity 0
net 41: (14 27)->(14 26) 0 1 0 0 #timing (736 736) ps polarity 1
net 41: (14 26)->(12 24) 1 3 0 0 #timing (912 875) ps polarity 0
net 41: (12 24)->(14 26) 1 3 0 1 #timing (1226 1143) ps  polarity 1
net 41: (14 26)->(14 27) 0 1 0 1 #timing (1310 1407) ps  polarity 0
net 42: (15 25)->(15 25) 0 0 0 0 #timing (762 762) ps polarity 1
net 42: (15 25)->(13 27) 1 3 0 0 #timing (914 885) ps polarity 0
net 42: (13 27)->(15 25) 1 3 0 1 #timing (1240 1166) ps  polarity 1
net 42: (15 25)->(15 25) 0 0 0 1 #timing (1289 1393) ps  polarity 0
net 43: (14 25)->(14 25) 0 0 0 0 #timing (680 680) ps polarity 1
net 43: (14 25)->(12 27) 1 3 0 0 #timing (822 802) ps polarity 0
net 43: (12 27)->(14 27) 1 2 0 1 #timing (1125 1068) ps  polarity 1
net 43: (14 27)->(14 27) 0 0 0 1 #timing (1198 1274) ps  polarity 0
net 43: (14 27)->(14 26) 0 1 0 1 #timing (1215 1286) ps  polarity 0
net 45: (12 20)->(12 21) 0 1 0 0 #timing (183 183) ps polarity 1
net 45: (12 21)->(12 21) 1 0 0 0 #timing (263 265) ps polarity 0
net 45: (12 21)->(12 17) 3 1 0 0 #timing (537 488) ps polarity 0
net 45: (12 17)->(12 17) 1 0 1 1 #timing (746 663) ps  polarity 1
net 45: (12 17)->(12 16) 0 1 0 1 #timing (773 851) ps  polarity 0
net 45: (12 20)->(13 21) 0 3 0 0 #timing (191 191) ps polarity 1
net 45: (13 21)->(15 23) 1 3 0 0 #timing (354 327) ps polarity 0
net 45: (15 23)->(19 23) 4 5 0 0 #timing (669 696) ps polarity 0
net 45: (19 23)->(19 23) 5 0 1 0 #timing (791 835) ps polarity 1
net 45: (19 23)->(27 31) 5 3 0 1 #timing (1376 1425) ps  polarity 1
net 45: (27 31)->(25 31) 1 2 0 1 #timing (1590 1617) ps  polarity 1
net 45: (25 31)->(24 31) 0 2 0 1 #timing (1748 1746) ps  polarity 0
net 46: (8 13)->(8 12) 0 1 0 0 #timing (193 193) ps polarity 0
net 46: (8 12)->(10 14) 1 3 0 0 #timing (352 332) ps polarity 1
net 46: (10 14)->(8 14) 1 2 0 1 #timing (617 574) ps  polarity 0
net 46: (8 14)->(8 14) 0 0 0 1 #timing (681 727) ps  polarity 1
net 46: (8 14)->(9 14) 0 2 0 1 #timing (719 750) ps  polarity 1
net 46: (8 14)->(9 15) 0 3 0 1 #timing (693 735) ps  polarity 1
net 46: (10 14)->(10 18) 3 4 0 0 #timing (710 689) ps polarity 1
net 46: (10 18)->(14 18) 4 2 0 0 #timing (979 947) ps polarity 1
net 46: (14 18)->(12 16) 1 3 0 1 #timing (1211 1197) ps  polarity 0
net 46: (12 16)->(12 16) 0 0 0 1 #timing (1348 1382) ps  polarity 1
net 46: (12 16)->(13 16) 0 2 0 1 #timing (1316 1361) ps  polarity 1
net 46: (14 18)->(14 18) 5 0 0 0 #timing (1100 1084) ps polarity 0
net 46: (14 18)->(31 18) 13 2 1 0 #timing (1776 1654) ps polarity 1
net 46: (31 18)->(23 26) 5 3 0 1 #timing (2597 2456) ps  polarity 1
net 46: (23 26)->(23 30) 3 1 0 1 #timing (3056 2824) ps  polarity 0
net 46: (23 30)->(23 30) 1 0 1 1 #timing (3167 2940) ps  polarity 1
net 46: (23 30)->(23 31) 0 1 0 1 #timing (3047 3270) ps  polarity 0
net 47: (10 17)->(10 17) 0 0 0 0 #timing (161 161) ps polarity 1
net 47: (10 17)->(10 19) 1 1 0 0 #timing (273 265) ps polarity 0
net 47: (10 19)->(10 15) 3 4 0 0 #timing (567 535) ps polarity 0
net 47: (10 15)->(8 15) 1 2 0 1 #timing (795 724) ps  polarity 1
net 47: (8 15)->(8 14) 0 1 0 1 #timing (858 925) ps  polarity 0
net 47: (8 15)->(9 15) 0 2 0 1 #timing (839 914) ps  polarity 0
net 47: (8 15)->(9 14) 0 3 0 1 #timing (888 939) ps  polarity 0
net 47: (10 15)->(14 15) 4 2 0 1 #timing (958 850) ps  polarity 0
net 47: (14 15)->(14 11) 3 1 0 1 #timing (1265 1085) ps  polarity 0
net 47: (14 11)->(14 11) 1 0 0 1 #timing (1360 1186) ps  polarity 1
net 47: (14 11)->(14 11) 0 0 0 1 #timing (1315 1478) ps  polarity 0
net 47: (10 17)->(10 16) 0 1 0 0 #timing (174 175) ps polarity 1
net 47: (10 16)->(10 16) 1 0 0 0 #timing (253 253) ps polarity 0
net 47: (10 16)->(6 16) 4 5 0 0 #timing (564 512) ps polarity 0
net 47: (6 16)->(6 16) 5 0 0 0 #timing (692 658) ps polarity 1
net 47: (6 16)->(6 1) 13 1 1 0 #timing (1306 1215) ps polarity 0
net 47: (6 1)->(6 1) 5 0 1 1 #timing (1516 1439) ps  polarity 0
net 47: (6 1)->(6 1) 1 0 0 1 #timing (1656 1578) ps  polarity 0
net 47: (6 1)->(7 0) 0 3 0 1 #timing (1701 1770) ps  polarity 1
net 47: (10 16)->(8 18) 1 3 0 0 #timing (312 291) ps polarity 0
net 47: (8 18)->(12 18) 4 2 0 0 #timing (554 597) ps polarity 0
net 47: (12 18)->(12 18) 1 0 1 1 #timing (799 730) ps  polarity 1
net 47: (12 18)->(13 18) 0 2 0 1 #timing (824 895) ps  polarity 0
net 48: (10 16)->(11 16) 0 2 0 0 #timing (201 201) ps polarity 0
net 48: (11 16)->(9 18) 1 3 0 0 #timing (351 333) ps polarity 1
net 48: (9 18)->(9 14) 3 4 0 1 #timing (862 750) ps  polarity 1
net 48: (9 14)->(9 14) 1 0 1 1 #timing (967 861) ps  polarity 0
net 48: (9 14)->(9 14) 0 0 0 1 #timing (956 1064) ps  polarity 1
net 48: (9 14)->(9 15) 0 1 0 1 #timing (972 1073) ps  polarity 1
net 48: (9 18)->(13 18) 4 2 0 0 #timing (653 680) ps polarity 1
net 48: (13 18)->(13 16) 1 1 0 1 #timing (941 870) ps  polarity 0
net 48: (13 16)->(13 16) 0 0 0 1 #timing (988 1076) ps  polarity 1
net 48: (13 16)->(12 16) 0 2 0 1 #timing (1012 1090) ps  polarity 1
net 48: (13 18)->(13 18) 5 0 0 0 #timing (785 831) ps polarity 0
net 48: (13 18)->(5 26) 5 3 0 1 #timing (1360 1408) ps  polarity 0
net 48: (5 26)->(5 30) 3 1 0 1 #timing (1725 1704) ps  polarity 1
net 48: (5 30)->(5 30) 1 0 1 1 #timing (1826 1809) ps  polarity 0
net 48: (5 30)->(5 31) 0 1 0 1 #timing (1928 1937) ps  polarity 1
net 48: (13 18)->(13 2) 13 1 0 0 #timing (1440 1282) ps polarity 1
net 48: (13 2)->(13 10) 5 1 0 1 #timing (1879 1704) ps  polarity 0
net 48: (13 10)->(15 10) 1 2 0 1 #timing (1971 2089) ps  polarity 1
net 48: (15 10)->(14 11) 0 3 0 1 #timing (2261 2131) ps  polarity 0
net 49: (11 18)->(11 18) 0 0 0 0 #timing (661 661) ps polarity 1
net 49: (11 18)->(9 16) 1 3 0 0 #timing (839 802) ps polarity 0
net 49: (9 16)->(9 12) 3 4 0 1 #timing (1367 1211) ps  polarity 0
net 49: (9 12)->(11 14) 1 3 0 1 #timing (1583 1397) ps  polarity 1
net 49: (11 14)->(10 14) 0 2 0 1 #timing (1557 1769) ps  polarity 0
net 50: (10 18)->(10 18) 0 0 0 0 #timing (704 704) ps polarity 1
net 50: (10 18)->(10 18) 1 0 0 0 #timing (775 780) ps polarity 0
net 50: (10 18)->(10 14) 3 4 0 1 #timing (1255 1128) ps  polarity 0
net 50: (10 14)->(10 14) 1 0 1 1 #timing (1347 1225) ps  polarity 1
net 50: (10 14)->(11 15) 0 3 0 1 #timing (1342 1456) ps  polarity 0
net 51: (11 10)->(11 10) 0 0 0 0 #timing (637 637) ps polarity 1
net 51: (11 10)->(11 8) 1 1 0 0 #timing (761 749) ps polarity 0
net 51: (11 8)->(11 12) 3 1 0 1 #timing (1178 1075) ps  polarity 0
net 51: (11 12)->(11 14) 1 1 0 1 #timing (1320 1209) ps  polarity 1
net 51: (11 14)->(10 15) 0 3 0 1 #timing (1361 1471) ps  polarity 0
net 52: (10 10)->(10 11) 0 1 0 0 #timing (656 656) ps polarity 1
net 52: (10 11)->(10 11) 1 0 0 0 #timing (738 737) ps polarity 0
net 52: (10 11)->(10 15) 3 1 0 1 #timing (1143 1045) ps  polarity 0
net 52: (10 15)->(10 13) 1 1 0 1 #timing (1291 1185) ps  polarity 1
net 52: (10 13)->(10 13) 0 0 0 1 #timing (1310 1427) ps  polarity 0
net 53: (12 12)->(13 13) 0 3 0 0 #timing (2 2) ps polarity 1
net 53: (13 13)->(15 15) 1 3 0 0 #timing (172 145) ps polarity 0
net 53: (15 15)->(11 15) 4 2 0 1 #timing (587 505) ps  polarity 0
net 53: (11 15)->(11 13) 1 1 0 1 #timing (818 701) ps  polarity 1
net 53: (11 13)->(10 13) 0 2 0 1 #timing (834 958) ps  polarity 0
net 54: (13 19)->(13 18) 0 1 0 0 #timing (720 720) ps polarity 1
net 54: (13 18)->(15 16) 1 3 0 0 #timing (899 868) ps polarity 0
net 54: (15 16)->(13 16) 1 2 0 1 #timing (1190 1120) ps  polarity 1
net 54: (13 16)->(13 17) 0 1 0 1 #timing (1304 1373) ps  polarity 0
net 54: (15 16)->(11 16) 4 2 0 0 #timing (1148 1188) ps polarity 0
net 54: (11 16)->(11 16) 1 0 1 1 #timing (1401 1331) ps  polarity 1
net 54: (11 16)->(11 16) 0 0 0 1 #timing (1478 1527) ps  polarity 0
net 55: (12 18)->(12 18) 0 0 0 0 #timing (704 704) ps polarity 1
net 55: (12 18)->(14 16) 1 3 0 0 #timing (881 843) ps polarity 0
net 55: (14 16)->(12 16) 1 2 0 1 #timing (1162 1090) ps  polarity 1
net 55: (12 16)->(12 17) 0 1 0 1 #timing (1199 1291) ps  polarity 0
net 55: (14 16)->(10 16) 4 2 0 0 #timing (1128 1171) ps polarity 0
net 55: (10 16)->(10 16) 1 0 1 1 #timing (1379 1309) ps  polarity 1
net 55: (10 16)->(11 16) 0 2 0 1 #timing (1429 1490) ps  polarity 0
net 56: (12 13)->(12 13) 0 0 0 0 #timing (680 680) ps polarity 1
net 56: (12 13)->(14 15) 1 3 0 0 #timing (825 804) ps polarity 0
net 56: (14 15)->(12 15) 1 2 0 1 #timing (1103 1053) ps  polarity 1
net 56: (12 15)->(12 14) 0 1 0 1 #timing (1191 1244) ps  polarity 0
net 56: (14 15)->(14 19) 3 4 0 0 #timing (1129 1130) ps polarity 0
net 56: (14 19)->(12 17) 1 3 0 1 #timing (1432 1365) ps  polarity 1
net 56: (12 17)->(13 16) 0 3 0 1 #timing (1501 1591) ps  polarity 0
net 56: (14 19)->(10 19) 4 2 0 0 #timing (1439 1403) ps polarity 0
net 56: (10 19)->(10 19) 1 0 1 1 #timing (1610 1620) ps  polarity 1
net 56: (10 19)->(10 18) 0 1 0 1 #timing (1770 1737) ps  polarity 0
net 57: (12 16)->(12 16) 0 0 0 0 #timing (649 649) ps polarity 1
net 57: (12 16)->(12 16) 1 0 0 0 #timing (720 725) ps polarity 0
net 57: (12 16)->(8 16) 4 2 0 0 #timing (962 940) ps polarity 0
net 57: (8 16)->(10 18) 1 3 0 1 #timing (1222 1190) ps  polarity 1
net 57: (10 18)->(11 18) 0 2 0 1 #timing (1304 1358) ps  polarity 0
net 57: (12 16)->(13 17) 0 3 0 0 #timing (667 667) ps polarity 1
net 57: (13 17)->(13 17) 1 0 0 0 #timing (756 756) ps polarity 0
net 57: (13 17)->(13 17) 1 0 1 1 #timing (959 926) ps  polarity 1
net 57: (13 17)->(12 16) 0 3 0 1 #timing (1048 1071) ps  polarity 0
net 58: (13 18)->(12 19) 0 3 0 0 #timing (675 675) ps polarity 1
net 58: (12 19)->(14 17) 1 3 0 0 #timing (868 826) ps polarity 0
net 58: (14 17)->(14 21) 3 1 0 1 #timing (1284 1165) ps  polarity 0
net 58: (14 21)->(12 21) 1 2 0 1 #timing (1446 1308) ps  polarity 1
net 58: (12 21)->(13 20) 0 3 0 1 #timing (1472 1600) ps  polarity 0
net 58: (14 17)->(10 17) 4 2 0 0 #timing (1124 1168) ps polarity 0
net 58: (10 17)->(10 17) 1 0 1 1 #timing (1378 1305) ps  polarity 1
net 58: (10 17)->(11 16) 0 3 0 1 #timing (1435 1495) ps  polarity 0
net 59: (12 19)->(12 18) 0 1 0 0 #timing (700 700) ps polarity 1
net 59: (12 18)->(12 16) 1 1 0 0 #timing (830 821) ps polarity 0
net 59: (12 16)->(12 20) 3 1 0 0 #timing (1108 1081) ps polarity 0
net 59: (12 20)->(12 20) 1 0 1 1 #timing (1319 1259) ps  polarity 1
net 59: (12 20)->(12 20) 0 0 0 1 #timing (1362 1420) ps  polarity 0
net 59: (12 19)->(13 19) 0 2 0 0 #timing (688 688) ps polarity 1
net 59: (13 19)->(15 17) 1 3 0 0 #timing (856 818) ps polarity 0
net 59: (15 17)->(11 17) 4 2 0 0 #timing (1092 1142) ps polarity 0
net 59: (11 17)->(11 17) 1 0 1 1 #timing (1355 1276) ps  polarity 1
net 59: (11 17)->(11 16) 0 1 0 1 #timing (1394 1465) ps  polarity 0
net 60: (11 15)->(11 15) 0 0 0 0 #timing (686 686) ps polarity 1
net 60: (11 15)->(11 15) 1 0 0 0 #timing (760 765) ps polarity 0
net 60: (11 15)->(11 15) 1 0 1 1 #timing (964 936) ps  polarity 1
net 60: (11 15)->(10 15) 0 2 0 1 #timing (1059 1079) ps  polarity 0
net 60: (11 15)->(11 11) 3 1 0 1 #timing (1174 1077) ps  polarity 0
net 60: (11 11)->(11 11) 1 0 0 1 #timing (1269 1178) ps  polarity 1
net 60: (11 11)->(11 11) 0 0 0 1 #timing (1304 1385) ps  polarity 0
net 60: (11 11)->(11 10) 0 1 0 1 #timing (1298 1381) ps  polarity 0
net 60: (11 11)->(10 10) 0 3 0 1 #timing (1298 1381) ps  polarity 0
net 60: (11 15)->(11 19) 3 4 0 0 #timing (1054 994) ps polarity 0
net 60: (11 19)->(11 17) 1 1 0 1 #timing (1303 1204) ps 
net 60: (11 19)->(15 19) 4 2 0 1 #timing (1455 1314) ps  polarity 0
net 60: (15 19)->(15 23) 3 1 0 1 #timing (1734 1541) ps  polarity 0
net 60: (15 23)->(13 21) 1 3 0 1 #timing (1916 1698) ps  polarity 1
net 60: (13 21)->(13 21) 0 0 0 1 #timing (1851 2092) ps  polarity 0
net 60: (13 21)->(12 21) 0 2 0 1 #timing (1857 2095) ps  polarity 0
net 60: (11 15)->(11 19) 3 4 0 1 #timing (1161 1070) ps  polarity 0
net 60: (11 19)->(11 17) 1 1 0 1 #timing (1303 1204) ps  polarity 1
net 60: (11 17)->(11 17) 0 0 0 1 #timing (1331 1444) ps  polarity 0
net 60: (11 17)->(10 17) 0 2 0 1 #timing (1347 1453) ps  polarity 0
net 60: (11 17)->(10 16) 0 3 0 1 #timing (1354 1455) ps  polarity 0
net 60: (11 15)->(15 15) 4 2 0 0 #timing (1065 1021) ps polarity 0
net 60: (15 15)->(13 15) 1 2 0 1 #timing (1283 1277) ps  polarity 1
net 60: (13 15)->(13 15) 0 0 0 1 #timing (1396 1425) ps  polarity 0
net 60: (15 15)->(15 15) 5 0 0 0 #timing (1182 1154) ps polarity 1
net 60: (15 15)->(15 30) 13 1 1 0 #timing (1724 1645) ps polarity 0
net 60: (15 30)->(15 30) 5 0 1 1 #timing (1950 1884) ps  polarity 0
net 60: (15 30)->(15 28) 1 1 0 1 #timing (2135 2054) ps  polarity 0
net 60: (15 28)->(15 29) 0 1 0 1 #timing (2186 2275) ps  polarity 1
net 60: (15 28)->(14 29) 0 3 0 1 #timing (2192 2278) ps  polarity 1
net 61: (10 14)->(10 14) 0 0 0 0 #timing (163 163) ps polarity 1
net 61: (10 14)->(10 14) 1 0 0 0 #timing (240 242) ps polarity 0
net 61: (10 14)->(10 14) 1 0 0 1 #timing (445 414) ps  polarity 1
net 61: (10 14)->(10 15) 0 1 0 1 #timing (534 557) ps  polarity 0
net 61: (10 14)->(10 10) 3 1 0 0 #timing (565 498) ps polarity 0
net 61: (10 10)->(10 10) 1 0 1 1 #timing (779 677) ps  polarity 1
net 61: (10 10)->(10 10) 0 0 0 1 #timing (804 895) ps  polarity 0
net 61: (10 10)->(11 10) 0 2 0 1 #timing (798 891) ps  polarity 0
net 61: (10 10)->(11 11) 0 3 0 1 #timing (821 904) ps  polarity 0
net 61: (10 14)->(10 18) 3 4 0 1 #timing (625 539) ps  polarity 0
net 61: (10 18)->(10 16) 1 1 0 1 #timing (782 682) ps  polarity 1
net 61: (10 16)->(10 16) 0 0 0 1 #timing (821 927) ps  polarity 0
net 61: (10 16)->(10 17) 0 1 0 1 #timing (841 937) ps  polarity 0
net 61: (10 16)->(11 17) 0 3 0 1 #timing (811 920) ps  polarity 0
net 61: (10 14)->(14 14) 4 2 0 0 #timing (488 472) ps polarity 0
net 61: (14 14)->(12 14) 1 2 0 1 #timing (700 680) ps  polarity 1
net 61: (12 14)->(13 15) 0 3 0 1 #timing (804 835) ps  polarity 0
net 61: (14 14)->(14 14) 5 0 0 0 #timing (610 609) ps polarity 1
net 61: (14 14)->(14 31) 13 1 1 0 #timing (1271 1146) ps polarity 0
net 61: (14 31)->(14 31) 5 0 1 1 #timing (1503 1391) ps  polarity 0
net 61: (14 31)->(14 29) 1 1 0 1 #timing (1688 1561) ps  polarity 0
net 61: (14 29)->(14 29) 0 0 0 1 #timing (1670 1816) ps  polarity 1
net 61: (14 29)->(15 29) 0 2 0 1 #timing (1685 1826) ps  polarity 1
net 61: (10 14)->(8 12) 1 3 0 0 #timing (343 305) ps polarity 0
net 61: (8 12)->(8 16) 3 4 0 0 #timing (700 690) ps polarity 0
net 61: (8 16)->(12 16) 4 2 0 1 #timing (1039 974) ps  polarity 0
net 61: (12 16)->(12 20) 3 1 0 1 #timing (1319 1202) ps  polarity 0
net 61: (12 20)->(12 20) 1 0 0 1 #timing (1417 1305) ps  polarity 1
net 61: (12 20)->(12 21) 0 1 0 1 #timing (1423 1528) ps  polarity 0
net 61: (12 20)->(13 21) 0 3 0 1 #timing (1419 1525) ps  polarity 0
net 62: (11 14)->(11 14) 0 0 0 0 #timing (162 162) ps polarity 1
net 62: (11 14)->(11 14) 1 0 0 0 #timing (238 240) ps polarity 0
net 62: (11 14)->(11 10) 3 1 0 0 #timing (503 459) ps polarity 0
net 62: (11 10)->(11 10) 1 0 0 1 #timing (715 636) ps  polarity 1
net 62: (11 10)->(11 10) 0 0 0 1 #timing (784 842) ps  polarity 0
net 62: (11 10)->(11 11) 0 1 0 1 #timing (799 849) ps  polarity 0
net 62: (11 10)->(10 10) 0 2 0 1 #timing (764 832) ps  polarity 0
net 62: (11 14)->(15 14) 4 2 0 0 #timing (524 492) ps polarity 0
net 62: (15 14)->(13 14) 1 2 0 1 #timing (754 736) ps  polarity 1
net 62: (13 14)->(13 15) 0 1 0 1 #timing (895 912) ps  polarity 0
net 62: (15 14)->(15 14) 5 0 0 0 #timing (643 627) ps polarity 1
net 62: (15 14)->(15 31) 13 1 1 0 #timing (1263 1157) ps polarity 0
net 62: (15 31)->(15 31) 5 0 1 1 #timing (1490 1398) ps  polarity 0
net 62: (15 31)->(15 29) 1 1 0 1 #timing (1677 1569) ps  polarity 0
net 62: (15 29)->(15 29) 0 0 0 1 #timing (1675 1799) ps  polarity 1
net 62: (15 29)->(14 29) 0 2 0 1 #timing (1687 1806) ps  polarity 1
net 62: (11 14)->(11 12) 1 1 0 0 #timing (291 277) ps polarity 0
net 62: (11 12)->(11 12) 1 0 1 1 #timing (509 469) ps  polarity 1
net 62: (11 12)->(11 13) 0 1 0 1 #timing (591 622) ps  polarity 0
net 62: (11 12)->(11 16) 3 4 0 0 #timing (585 557) ps polarity 0
net 62: (11 16)->(11 16) 1 0 0 1 #timing (794 733) ps  polarity 1
net 62: (11 16)->(11 17) 0 1 0 1 #timing (896 928) ps  polarity 0
net 62: (11 16)->(10 16) 0 2 0 1 #timing (860 910) ps  polarity 0
net 62: (11 16)->(10 17) 0 3 0 1 #timing (897 928) ps  polarity 0
net 62: (11 16)->(15 16) 4 2 0 1 #timing (974 873) ps  polarity 0
net 62: (15 16)->(15 20) 3 1 0 1 #timing (1295 1124) ps  polarity 0
net 62: (15 20)->(13 20) 1 2 0 1 #timing (1444 1260) ps  polarity 1
net 62: (13 20)->(13 21) 0 1 0 1 #timing (1426 1619) ps  polarity 0
net 62: (13 20)->(12 21) 0 3 0 1 #timing (1425 1618) ps  polarity 0
net 63: (10 13)->(10 13) 0 0 0 0 #timing (680 680) ps polarity 1
net 63: (10 13)->(10 13) 1 0 0 0 #timing (752 758) ps polarity 0
net 63: (10 13)->(10 17) 3 4 0 0 #timing (1040 986) ps polarity 0
net 63: (10 17)->(10 17) 1 0 0 1 #timing (1256 1167) ps  polarity 1
net 63: (10 17)->(10 17) 0 0 0 1 #timing (1295 1374) ps  polarity 0
net 63: (10 17)->(10 16) 0 1 0 1 #timing (1278 1362) ps  polarity 0
net 63: (10 17)->(11 17) 0 2 0 1 #timing (1304 1378) ps  polarity 0
net 63: (10 17)->(14 17) 4 2 0 0 #timing (1327 1257) ps polarity 0
net 63: (14 17)->(12 17) 1 2 0 1 #timing (1491 1526) ps  polarity 1
net 63: (12 17)->(12 17) 0 0 0 1 #timing (1666 1636) ps  polarity 0
net 63: (14 17)->(12 19) 1 3 0 1 #timing (1520 1545) ps  polarity 1
net 63: (12 19)->(13 19) 0 2 0 1 #timing (1706 1700) ps  polarity 0
net 63: (10 13)->(14 13) 4 2 0 0 #timing (1016 990) ps polarity 0
net 63: (14 13)->(12 13) 1 2 0 1 #timing (1215 1207) ps  polarity 1
net 63: (12 13)->(13 13) 0 2 0 1 #timing (1314 1339) ps  polarity 0
net 63: (14 13)->(14 13) 5 0 0 0 #timing (1138 1127) ps polarity 1
net 63: (14 13)->(14 28) 13 1 1 0 #timing (1761 1650) ps polarity 0
net 63: (14 28)->(14 28) 5 0 0 1 #timing (1987 1889) ps  polarity 0
net 63: (14 28)->(14 28) 1 0 1 1 #timing (2128 2028) ps  polarity 0
net 63: (14 28)->(14 29) 0 1 0 1 #timing (2124 2225) ps  polarity 1
net 63: (14 28)->(15 29) 0 3 0 1 #timing (2168 2251) ps  polarity 1
net 63: (10 13)->(10 15) 1 1 0 0 #timing (783 780) ps polarity 0
net 63: (10 15)->(10 11) 3 1 0 0 #timing (1064 1041) ps polarity 0
net 63: (10 11)->(10 11) 1 0 1 1 #timing (1279 1220) ps  polarity 1
net 63: (10 11)->(10 10) 0 1 0 1 #timing (1332 1386) ps  polarity 0
net 63: (10 11)->(11 11) 0 2 0 1 #timing (1356 1400) ps  polarity 0
net 63: (10 11)->(11 10) 0 3 0 1 #timing (1351 1396) ps  polarity 0
net 63: (10 13)->(10 12) 0 1 0 0 #timing (700 700) ps polarity 1
net 63: (10 12)->(10 12) 1 0 0 0 #timing (793 795) ps polarity 0
net 63: (10 12)->(8 12) 1 2 0 1 #timing (1015 979) ps  polarity 1
net 63: (8 12)->(8 13) 0 1 0 1 #timing (1131 1154) ps  polarity 0
net 64: (10 15)->(10 15) 0 0 0 0 #timing (726 726) ps polarity 1
net 64: (10 15)->(10 15) 1 0 0 0 #timing (798 804) ps polarity 0
net 64: (10 15)->(10 15) 1 0 0 1 #timing (1004 975) ps  polarity 1
net 64: (10 15)->(10 15) 0 0 0 1 #timing (1089 1114) ps  polarity 0
net 64: (10 15)->(8 13) 1 3 0 0 #timing (882 856) ps polarity 0
net 64: (8 13)->(10 13) 1 2 0 1 #timing (1126 1074) ps  polarity 1
net 64: (10 13)->(11 12) 0 3 0 1 #timing (1215 1255) ps  polarity 0
net 64: (8 13)->(8 17) 3 4 0 0 #timing (1202 1190) ps polarity 0
net 64: (8 17)->(10 19) 1 3 0 1 #timing (1457 1397) ps  polarity 1
net 64: (10 19)->(11 18) 0 3 0 1 #timing (1541 1606) ps  polarity 0
net 64: (8 17)->(12 17) 4 2 0 0 #timing (1471 1452) ps polarity 0
net 64: (12 17)->(12 21) 3 1 0 1 #timing (1861 1785) ps  polarity 0
net 64: (12 21)->(12 21) 1 0 1 1 #timing (1965 1890) ps  polarity 1
net 64: (12 21)->(12 21) 0 0 0 1 #timing (2003 2073) ps  polarity 0
net 64: (12 21)->(13 21) 0 2 0 1 #timing (1999 2071) ps  polarity 0
net 64: (8 13)->(12 13) 4 2 0 0 #timing (1114 1154) ps polarity 0
net 64: (12 13)->(12 15) 1 1 0 1 #timing (1399 1319) ps  polarity 1
net 64: (12 15)->(13 15) 0 2 0 1 #timing (1425 1523) ps  polarity 0
net 64: (12 13)->(12 13) 5 0 0 0 #timing (1232 1289) ps polarity 1
net 64: (12 13)->(12 29) 13 1 0 0 #timing (1958 1771) ps polarity 0
net 64: (12 29)->(12 29) 5 0 0 1 #timing (2189 2011) ps  polarity 0
net 64: (12 29)->(14 31) 1 3 0 1 #timing (2405 2200) ps  polarity 0
net 64: (14 31)->(15 30) 0 3 0 1 #timing (2364 2595) ps  polarity 1
net 76: (10 12)->(10 12) 0 0 0 0 #timing (191 191) ps polarity 0
net 76: (10 12)->(8 12) 1 2 0 0 #timing (298 291) ps polarity 1
net 76: (8 12)->(8 8) 3 1 0 0 #timing (605 566) ps polarity 1
net 76: (8 8)->(12 8) 4 2 0 0 #timing (875 827) ps polarity 1
net 76: (12 8)->(12 10) 1 1 0 1 #timing (1069 1078) ps  polarity 0
net 76: (12 10)->(12 10) 0 0 0 1 #timing (1189 1190) ps  polarity 1
net 104: (14 11)->(14 11) 0 0 0 0 #timing (161 161) ps polarity 1
net 104: (14 11)->(12 11) 1 2 0 0 #timing (295 277) ps polarity 0
net 104: (12 11)->(12 11) 1 0 0 1 #timing (519 478) ps  polarity 1
net 104: (12 11)->(13 10) 0 3 0 1 #timing (606 635) ps  polarity 0
net 105: (14 20)->(14 20) 0 0 0 0 #timing (163 163) ps polarity 1
net 105: (14 20)->(12 20) 1 2 0 0 #timing (306 284) ps polarity 0
net 105: (12 20)->(12 16) 3 1 0 0 #timing (573 576) ps polarity 0
net 105: (12 16)->(12 12) 3 4 0 1 #timing (1000 901) ps  polarity 0
net 105: (12 12)->(12 12) 1 0 0 1 #timing (1094 1001) ps  polarity 1
net 105: (12 12)->(12 12) 0 0 0 1 #timing (1131 1212) ps  polarity 0
net 105: (12 12)->(13 12) 0 2 0 1 #timing (1095 1191) ps  polarity 0
net 123: (10 15)->(11 15) 0 2 0 0 #timing (203 203) ps polarity 0
net 123: (11 15)->(11 13) 1 1 0 0 #timing (329 319) ps polarity 1
net 123: (11 13)->(11 9) 3 1 0 0 #timing (623 585) ps polarity 1
net 123: (11 9)->(15 9) 4 2 0 0 #timing (930 865) ps polarity 1
net 123: (15 9)->(15 11) 1 1 0 1 #timing (1108 1133) ps  polarity 0
net 123: (15 11)->(14 11) 0 2 0 1 #timing (1266 1250) ps  polarity 1
net 123: (11 13)->(11 17) 3 4 0 0 #timing (619 587) ps polarity 1
net 123: (11 17)->(15 17) 4 2 0 0 #timing (925 869) ps polarity 1
net 123: (15 17)->(15 21) 3 1 0 1 #timing (1272 1235) ps  polarity 1
net 123: (15 21)->(13 21) 1 2 0 1 #timing (1417 1370) ps  polarity 0
net 123: (13 21)->(12 20) 0 3 0 1 #timing (1522 1573) ps  polarity 1
net 123: (11 13)->(11 13) 5 0 0 0 #timing (426 463) ps polarity 0
net 123: (11 13)->(11 29) 13 1 0 0 #timing (1077 919) ps polarity 1
net 123: (11 29)->(26 29) 13 2 1 0 #timing (1542 1609) ps polarity 0
net 123: (26 29)->(26 29) 5 0 1 1 #timing (1788 1866) ps  polarity 0
net 123: (26 29)->(26 31) 1 1 0 1 #timing (1973 2037) ps  polarity 0
net 123: (26 31)->(26 31) 0 0 0 1 #timing (2178 2119) ps  polarity 1
net 123: (11 15)->(9 15) 1 2 0 0 #timing (328 319) ps polarity 1
net 123: (9 15)->(9 13) 1 1 0 1 #timing (599 557) ps  polarity 0
net 123: (9 13)->(9 13) 0 0 0 1 #timing (651 715) ps  polarity 1
net 126: (8 15)->(8 15) 0 0 0 0 #timing (204 204) ps polarity 0
net 126: (8 15)->(8 15) 1 0 0 0 #timing (287 287) ps polarity 1
net 126: (8 15)->(8 15) 5 0 0 0 #timing (390 407) ps polarity 0
net 126: (8 15)->(8 30) 13 1 1 0 #timing (1025 889) ps polarity 1
net 126: (8 30)->(8 30) 5 0 1 1 #timing (1247 1124) ps  polarity 1
net 126: (8 30)->(8 30) 1 0 0 1 #timing (1401 1268) ps  polarity 1
net 126: (8 30)->(8 31) 0 1 0 1 #timing (1390 1513) ps  polarity 0
net 131: (15 20)->(15 20) 0 0 0 0 #timing (162 162) ps polarity 1
net 131: (15 20)->(13 20) 1 2 0 0 #timing (288 274) ps polarity 0
net 131: (13 20)->(13 16) 3 1 0 0 #timing (561 550) ps polarity 0
net 131: (13 16)->(13 12) 3 4 0 1 #timing (982 872) ps  polarity 0
net 131: (13 12)->(13 12) 1 0 0 1 #timing (1080 975) ps  polarity 1
net 131: (13 12)->(13 12) 0 0 0 1 #timing (1080 1183) ps  polarity 0
net 133: (12 20)->(13 20) 0 2 0 0 #timing (180 180) ps polarity 1
net 133: (13 20)->(15 20) 1 2 0 0 #timing (319 301) ps polarity 0
net 133: (15 20)->(15 24) 3 4 0 0 #timing (649 615) ps polarity 0
net 133: (15 24)->(15 24) 5 0 0 0 #timing (771 750) ps polarity 1
net 133: (15 24)->(15 9) 13 1 1 0 #timing (1392 1292) ps polarity 0
net 133: (15 9)->(7 1) 5 3 0 1 #timing (2162 2040) ps  polarity 0
net 133: (7 1)->(7 1) 1 0 0 1 #timing (2342 2208) ps  polarity 0
net 133: (7 1)->(6 0) 0 3 0 1 #timing (2306 2441) ps  polarity 1
net 134: (9 13)->(8 13) 0 2 0 0 #timing (206 206) ps polarity 0
net 134: (8 13)->(10 15) 1 3 0 0 #timing (373 340) ps polarity 1
net 134: (10 15)->(10 15) 5 0 1 0 #timing (468 550) ps polarity 0
net 134: (10 15)->(2 7) 5 3 0 1 #timing (1031 1121) ps  polarity 0
net 134: (2 7)->(6 7) 4 2 0 1 #timing (1430 1329) ps  polarity 1
net 134: (6 7)->(6 3) 3 1 0 1 #timing (1812 1631) ps  polarity 1
net 134: (6 3)->(6 1) 1 1 0 1 #timing (1955 1766) ps  polarity 0
net 134: (6 1)->(6 0) 0 1 0 1 #timing (1898 2095) ps  polarity 1
net 135: (14 11)->(14 10) 0 1 0 0 #timing (161 161) ps polarity 1
net 135: (14 10)->(14 10) 1 0 0 0 #timing (238 240) ps polarity 0
net 135: (14 10)->(18 10) 4 5 0 0 #timing (520 485) ps polarity 0
net 135: (18 10)->(18 10) 5 0 0 0 #timing (644 623) ps polarity 1
net 135: (18 10)->(18 26) 13 1 0 0 #timing (1187 1103) ps polarity 0
net 135: (18 26)->(18 26) 5 0 0 1 #timing (1420 1348) ps  polarity 0
net 135: (18 26)->(22 26) 4 2 0 1 #timing (1744 1629) ps  polarity 1
net 135: (22 26)->(22 30) 3 1 0 1 #timing (2054 1874) ps  polarity 1
net 135: (22 30)->(22 30) 1 0 0 1 #timing (2159 1983) ps  polarity 0
net 135: (22 30)->(22 31) 0 1 0 1 #timing (2105 2271) ps  polarity 1
net 135: (22 30)->(23 31) 0 3 0 1 #timing (2108 2273) ps  polarity 1
net 136: (13 17)->(13 16) 0 1 0 0 #timing (201 201) ps polarity 1
net 136: (13 16)->(15 18) 1 3 0 0 #timing (363 334) ps polarity 0
net 136: (15 18)->(15 22) 3 1 0 0 #timing (676 686) ps polarity 0
net 136: (15 22)->(19 22) 4 5 0 0 #timing (1017 982) ps polarity 0
net 136: (19 22)->(19 22) 5 0 1 0 #timing (1140 1121) ps polarity 1
net 136: (19 22)->(27 30) 5 3 0 1 #timing (1739 1722) ps  polarity 1
net 136: (27 30)->(27 30) 1 0 0 1 #timing (1909 1880) ps  polarity 1
net 136: (27 30)->(26 31) 0 3 0 1 #timing (2001 2021) ps  polarity 0
net 136: (27 30)->(25 30) 1 2 0 1 #timing (1947 1909) ps  polarity 1
net 136: (25 30)->(24 31) 0 3 0 1 #timing (2049 2103) ps  polarity 0
net 137: (14 29)->(15 29) 0 2 0 0 #timing (174 174) ps polarity 1
net 137: (15 29)->(13 31) 1 3 0 0 #timing (336 310) ps polarity 0
net 137: (13 31)->(17 31) 4 5 0 0 #timing (712 715) ps polarity 0
net 137: (17 31)->(17 31) 5 0 1 0 #timing (836 853) ps polarity 1
net 137: (17 31)->(25 31) 5 2 0 1 #timing (1229 1245) ps  polarity 0
net 137: (25 31)->(25 31) 1 0 0 1 #timing (1443 1395) ps  polarity 1
net 137: (25 31)->(25 31) 0 0 0 1 #timing (1481 1534) ps  polarity 0
net 138: (15 29)->(15 28) 0 1 0 0 #timing (157 157) ps polarity 1
net 138: (15 28)->(15 30) 1 1 0 0 #timing (272 261) ps polarity 0
net 138: (15 30)->(11 30) 4 2 0 0 #timing (548 545) ps polarity 0
net 138: (11 30)->(9 30) 1 2 0 1 #timing (811 768) ps  polarity 1
net 138: (9 30)->(9 31) 0 1 0 1 #timing (915 983) ps  polarity 0
net 139: (9 14)->(9 15) 0 1 0 0 #timing (230 230) ps polarity 1
net 139: (9 15)->(9 15) 1 0 0 0 #timing (341 338) ps polarity 0
net 139: (9 15)->(9 15) 5 0 1 0 #timing (443 463) ps polarity 1
net 139: (9 15)->(1 7) 5 3 0 1 #timing (1027 1050) ps  polarity 1
net 139: (1 7)->(5 7) 4 2 0 1 #timing (1407 1347) ps  polarity 0
net 139: (5 7)->(5 3) 3 1 0 1 #timing (1753 1616) ps  polarity 0
net 139: (5 3)->(7 1) 1 3 0 1 #timing (1934 1774) ps  polarity 1
net 139: (7 1)->(7 0) 0 1 0 1 #timing (1903 2074) ps  polarity 0
net 141: (9 15)->(8 14) 0 3 0 0 #timing (252 252) ps polarity 0
net 141: (8 14)->(8 14) 1 0 0 0 #timing (341 343) ps polarity 1
net 141: (8 14)->(8 10) 3 1 0 0 #timing (618 566) ps polarity 1
net 141: (8 10)->(8 10) 5 0 1 0 #timing (745 705) ps polarity 0
net 141: (8 10)->(8 2) 5 1 0 1 #timing (1120 1079) ps  polarity 1
net 141: (8 2)->(8 0) 1 1 0 1 #timing (1337 1325) ps  polarity 0
net 141: (8 0)->(8 0) 0 0 0 1 #timing (1439 1468) ps  polarity 1
net 151: (14 26)->(14 27) 0 1 0 0 #timing (180 180) ps polarity 1
net 151: (14 27)->(12 27) 1 2 0 0 #timing (314 296) ps polarity 0
net 151: (12 27)->(12 27) 5 0 1 0 #timing (416 472) ps polarity 1
net 151: (12 27)->(12 19) 5 1 0 1 #timing (748 810) ps  polarity 0
net 151: (12 19)->(12 15) 3 4 0 1 #timing (1210 1050) ps  polarity 0
net 151: (12 15)->(12 15) 1 0 1 1 #timing (1302 1148) ps  polarity 1
net 151: (12 15)->(13 14) 0 3 0 1 #timing (1304 1433) ps  polarity 0
net 163: (8 14)->(9 14) 0 2 0 0 #timing (201 201) ps polarity 1
net 163: (9 14)->(11 14) 1 2 0 0 #timing (323 313) ps polarity 0
net 163: (11 14)->(11 14) 5 0 1 0 #timing (437 486) ps polarity 1
net 163: (11 14)->(11 31) 13 1 1 0 #timing (1139 963) ps polarity 0
net 163: (11 31)->(11 31) 5 0 0 1 #timing (1369 1204) ps  polarity 0
net 163: (11 31)->(7 31) 4 5 0 1 #timing (1810 1558) ps  polarity 1
net 163: (7 31)->(5 31) 1 2 0 1 #timing (2074 1768) ps  polarity 0
net 163: (5 31)->(5 31) 0 0 0 1 #timing (1867 2197) ps  polarity 1
net 163: (5 31)->(4 31) 0 2 0 1 #timing (1863 2194) ps  polarity 1
net 166: (12 17)->(12 17) 0 0 0 0 #timing (155 155) ps polarity 1
net 166: (12 17)->(12 17) 1 0 0 0 #timing (231 233) ps polarity 0
net 166: (12 17)->(12 21) 3 1 0 0 #timing (502 453) ps polarity 0
net 166: (12 21)->(16 21) 4 5 0 0 #timing (803 730) ps polarity 0
net 166: (16 21)->(16 21) 5 0 0 0 #timing (927 868) ps polarity 1
net 166: (16 21)->(24 29) 5 3 0 1 #timing (1569 1514) ps  polarity 1
net 166: (24 29)->(26 31) 1 3 0 1 #timing (1817 1727) ps  polarity 1
net 166: (26 31)->(27 31) 0 2 0 1 #timing (1872 1975) ps  polarity 0
net 167: (12 14)->(13 15) 0 3 0 0 #timing (191 191) ps polarity 1
net 167: (13 15)->(15 13) 1 3 0 0 #timing (377 336) ps polarity 0
net 167: (15 13)->(15 13) 1 0 1 1 #timing (606 544) ps  polarity 1
net 167: (15 13)->(14 12) 0 3 0 1 #timing (695 732) ps  polarity 0
net 171: (13 20)->(13 21) 0 1 0 0 #timing (174 174) ps polarity 1
net 171: (13 21)->(13 21) 1 0 0 0 #timing (257 258) ps polarity 0
net 171: (13 21)->(13 17) 3 1 0 0 #timing (524 478) ps polarity 0
net 171: (13 17)->(9 17) 4 2 0 0 #timing (827 762) ps polarity 0
net 171: (9 17)->(9 13) 3 4 0 1 #timing (1249 1203) ps  polarity 0
net 171: (9 13)->(9 15) 1 1 0 1 #timing (1394 1345) ps  polarity 1
net 171: (9 15)->(9 14) 0 1 0 1 #timing (1456 1521) ps  polarity 0
net 171: (13 17)->(17 17) 4 5 0 0 #timing (869 779) ps polarity 0
net 171: (17 17)->(17 17) 5 0 1 0 #timing (993 919) ps polarity 1
net 171: (17 17)->(0 17) 13 2 1 0 #timing (1625 1561) ps polarity 0
net 171: (0 17)->(8 25) 5 3 0 1 #timing (2526 2417) ps  polarity 0
net 171: (8 25)->(4 25) 4 5 0 1 #timing (2716 2821) ps  polarity 1
net 171: (4 25)->(4 29) 3 1 0 1 #timing (3028 3066) ps  polarity 1
net 171: (4 29)->(4 31) 1 1 0 1 #timing (3166 3198) ps  polarity 0
net 171: (4 31)->(4 31) 0 0 0 1 #timing (3339 3318) ps  polarity 1
net 172: (11 16)->(11 17) 0 1 0 0 #timing (190 190) ps polarity 0
net 172: (11 17)->(9 19) 1 3 0 0 #timing (363 323) ps polarity 1
net 172: (9 19)->(11 19) 1 2 0 1 #timing (676 595) ps  polarity 0
net 172: (11 19)->(10 18) 0 3 0 1 #timing (752 847) ps  polarity 1
net 172: (9 19)->(9 15) 3 4 0 0 #timing (685 702) ps polarity 1
net 172: (9 15)->(11 13) 1 3 0 1 #timing (1019 955) ps  polarity 0
net 172: (11 13)->(10 12) 0 3 0 1 #timing (1083 1181) ps  polarity 1
net 172: (9 19)->(13 19) 4 2 0 0 #timing (632 685) ps polarity 1
net 172: (13 19)->(13 17) 1 1 0 1 #timing (940 848) ps  polarity 0
net 172: (13 17)->(13 17) 0 0 0 1 #timing (972 1077) ps  polarity 1
net 172: (13 19)->(13 23) 3 1 0 1 #timing (1094 948) ps  polarity 1
net 172: (13 23)->(13 21) 1 1 0 1 #timing (1238 1084) ps  polarity 0
net 172: (13 21)->(13 20) 0 1 0 1 #timing (1214 1374) ps  polarity 1
net 172: (13 19)->(13 15) 3 4 0 1 #timing (1161 990) ps  polarity 1
net 172: (13 15)->(13 15) 1 0 1 1 #timing (1254 1088) ps  polarity 0
net 172: (13 15)->(12 14) 0 3 0 1 #timing (1226 1375) ps  polarity 1
net 179: (13 17)->(12 16) 0 3 0 0 #timing (180 180) ps polarity 1
net 179: (12 16)->(14 18) 1 3 0 0 #timing (347 319) ps polarity 0
net 179: (14 18)->(14 22) 3 1 0 1 #timing (778 675) ps  polarity 0
net 179: (14 22)->(12 20) 1 3 0 1 #timing (960 835) ps  polarity 1
net 179: (12 20)->(13 20) 0 2 0 1 #timing (979 1127) ps  polarity 0
net 181: (12 17)->(13 16) 0 3 0 0 #timing (182 182) ps polarity 1
net 181: (13 16)->(13 18) 1 1 0 0 #timing (303 292) ps polarity 0
net 181: (13 18)->(13 22) 3 1 0 0 #timing (578 565) ps polarity 0
net 181: (13 22)->(17 22) 4 5 0 0 #timing (902 850) ps polarity 0
net 181: (17 22)->(17 22) 5 0 0 0 #timing (1019 983) ps polarity 1
net 181: (17 22)->(25 30) 5 3 0 1 #timing (1629 1583) ps  polarity 1
net 181: (25 30)->(25 30) 1 0 0 1 #timing (1800 1745) ps  polarity 1
net 181: (25 30)->(25 31) 0 1 0 1 #timing (1851 1904) ps  polarity 0
net 182: (13 14)->(13 14) 0 0 0 0 #timing (162 162) ps polarity 1
net 182: (13 14)->(15 12) 1 3 0 0 #timing (338 301) ps polarity 0
net 182: (15 12)->(19 12) 4 5 0 0 #timing (624 652) ps polarity 0
net 182: (19 12)->(19 12) 5 0 1 0 #timing (747 791) ps polarity 1
net 182: (19 12)->(19 29) 13 1 1 0 #timing (1490 1310) ps polarity 0
net 182: (19 29)->(27 29) 5 2 0 1 #timing (1960 1755) ps  polarity 1
net 182: (27 29)->(27 31) 1 1 0 1 #timing (1993 2155) ps  polarity 0
net 182: (27 31)->(27 31) 0 0 0 1 #timing (2291 2135) ps  polarity 1
net 183: (11 12)->(11 13) 0 1 0 0 #timing (194 194) ps polarity 0
net 183: (11 13)->(9 15) 1 3 0 0 #timing (366 330) ps polarity 1
net 183: (9 15)->(9 15) 1 0 1 1 #timing (604 551) ps  polarity 0
net 183: (9 15)->(8 14) 0 3 0 1 #timing (652 705) ps  polarity 1
net 183: (9 15)->(9 15) 5 0 0 0 #timing (458 545) ps polarity 0
net 183: (9 15)->(25 15) 13 2 0 0 #timing (1230 1013) ps polarity 1
net 183: (25 15)->(25 31) 13 1 0 0 #timing (1783 1884) ps polarity 0
net 183: (25 31)->(25 31) 5 0 0 1 #timing (2078 2192) ps  polarity 0
net 183: (25 31)->(21 31) 4 5 0 1 #timing (2398 2474) ps  polarity 1
net 183: (21 31)->(23 31) 1 2 0 1 #timing (2660 2684) ps  polarity 0
net 183: (23 31)->(22 31) 0 2 0 1 #timing (2803 2783) ps  polarity 1
net 184: (11 11)->(11 10) 0 1 0 0 #timing (157 157) ps polarity 1
net 184: (11 10)->(9 8) 1 3 0 0 #timing (350 306) ps polarity 0
net 184: (9 8)->(9 12) 3 1 0 0 #timing (617 654) ps polarity 0
net 184: (9 12)->(9 14) 1 1 0 1 #timing (879 868) ps  polarity 1
net 184: (9 14)->(8 14) 0 2 0 1 #timing (1010 1026) ps  polarity 0
net 184: (9 12)->(9 12) 5 0 1 0 #timing (747 797) ps polarity 1
net 184: (9 12)->(9 29) 13 1 1 0 #timing (1483 1298) ps polarity 0
net 184: (9 29)->(9 29) 5 0 1 1 #timing (1780 1611) ps  polarity 0
net 184: (9 29)->(9 31) 1 1 0 1 #timing (1969 1786) ps  polarity 0
net 184: (9 31)->(9 31) 0 0 0 1 #timing (1906 2107) ps  polarity 1
net 185: (13 20)->(12 20) 0 2 0 0 #timing (193 193) ps polarity 1
net 185: (12 20)->(12 20) 1 0 0 0 #timing (277 277) ps polarity 0
net 185: (12 20)->(12 16) 3 1 0 1 #timing (712 600) ps  polarity 0
net 185: (12 16)->(12 16) 1 0 1 1 #timing (805 700) ps  polarity 1
net 185: (12 16)->(13 17) 0 3 0 1 #timing (841 928) ps  polarity 0
net 190: (12 14)->(12 15) 0 1 0 0 #timing (183 183) ps polarity 1
net 190: (12 15)->(12 15) 1 0 0 0 #timing (262 264) ps polarity 0
net 190: (12 15)->(12 15) 1 0 0 1 #timing (465 434) ps  polarity 1
net 190: (12 15)->(12 15) 0 0 0 1 #timing (548 575) ps  polarity 0
net 190: (12 15)->(8 15) 4 2 0 0 #timing (501 480) ps polarity 0
net 190: (8 15)->(8 15) 1 0 1 1 #timing (688 682) ps  polarity 1
net 190: (8 15)->(8 15) 0 0 0 1 #timing (790 792) ps  polarity 0
