Timing Summary
==============

   PLACER-ESTIMATED-TIMING TSMC 40nm ULP tt1p1v25c_Typical

         Group  No. Clocks  No. Clock Pairs  WNS(ps)  TNS(ps)  TNS Endpoints  WHS(ps)  THS(ps)  THS Endpoints
   -----------  ----------  ---------------  -------  -------  -------------  -------  -------  -------------
    <UDEF_clk>           1                1    -8356  -601119            197     1074        0              0




Clocks
======

            Clock    Clock net        Group  Constrained Period(ps)      Waveform(ps)   Achievable Period(ps)  Achievable Frequency(MHz)
   --------------  -----------  -----------  ----------------------  -----------------  ---------------------  -------------------------
              clk          clk   <UDEF_clk>           (auto) 2000            (0,1000)                  10355                     96.572 




Clock Relationships
===================

       From Clock        To Clock               Group    Endpoints     WNS(ps)    TNS(ps)  TNS Endpoints     WHS(ps)    THS(ps)  THS Endpoints
   --------------  --------------  ------------------  -----------  ----------  ---------  -------------  ----------  ---------  -------------
              clk             clk          <UDEF_clk>          198       -8356    -601119            197        1074          0              0




Timing Details for Clock Pair clk and clk
=========================================

       From Clock        To Clock               Group    Endpoints     WNS(ps)    TNS(ps)  TNS Endpoints     WHS(ps)    THS(ps)  THS Endpoints
   --------------  --------------  ------------------  -----------  ----------  ---------  -------------  ----------  ---------  -------------
              clk             clk          <UDEF_clk>          198       -8356    -601119            197        1074          0              0

Path 3:
   Slack (not met):                         -8356ps
     Path type:                               SETUP
     Group:                              <UDEF_clk>
     Launching clock:                           clk (rising edge)
     Capturing clock:                           clk (rising edge)

     Requested period:                       2000ps
   + Delay of the capturing clock:            977ps
   - Clock uncertainty:                       150ps
   = Required time:                          2827ps
   - Propagation time:                      10177ps (50.0% logic, 50.0% route, logic stage 5)
   - Delay of the launching clock:           1006ps
   = Slack:                                 -8356ps

   Instance/Pin or Net Name                                   Type         ID     Location or Fanout   Delay(ps)  Edge  Arrival Time(ps)    Instance detail                                                                         
   -----------------------------------------------------------------------------------------------------------------------------------------------------------------------------------------------------------------------------------
   clk                                                        CLOCK-PORT    -                      -     launch     r               0                                                                                               
   clk                                                        Clock net    17           (fanout=613)       1006                     -                                                                                               
   RBB_22/CLK                                                 RBB_6L       22  [TILE 0 0, RBB 19 14]          -     r            1006                                                                                               
   -----------------------------------------------------------------------------------------------------------------------------------------------------------------------------------------------------------------------------------
   RBB_22/BQ                                                  RBB_6L       22  [TILE 0 0, RBB 19 14]        800     r            1806     {inst94: p_clk.count_FDRE_Q_12 (FDR,site=bff)}                                            
   p_clk.count[13]                                            Net          25             (fanout=2)       1642                     -                                                                                               
   RBB_22/D4                                                  RBB_6L       22  [TILE 0 0, RBB 19 14]          -     r            3448                                                                                               
   RBB_22/DMUX                                                RBB_6L       22  [TILE 0 0, RBB 19 14]        863     r            4311     {inst122: p_clk.tick_FDSE_Q_D_INV_O_I_CARRY4_O_CI_CARRY4_CO_DI_1_LUT2_O (LUT,site=dluto)} 
   p_clk.tick_FDSE_Q_D_INV_O_I_CARRY4_O_CI_CARRY4_CO_DI_1[4]  Net         105             (fanout=2)       1190                     -                                                                                               
   RBB_17/C5                                                  RBB_6L       17  [TILE 0 0, RBB 10 12]          -     r            5501                                                                                               
   RBB_17/COUT                                                RBB_6L       17  [TILE 0 0, RBB 10 12]       1368     r            6869     {inst121: p_clk.tick_FDSE_Q_D_INV_O_I_CARRY4_O_CI_CARRY4_CO (CARRY4)}                     
   p_clk.tick_FDSE_Q_D_INV_O_I_CARRY4_O_CI                    Net          67             (fanout=1)          0                     -                                                                                               
   RBB_18/CIN                                                 RBB_6L       18  [TILE 0 0, RBB 13 12]          -     r            6869                                                                                               
   RBB_18/BMUX                                                RBB_6L       18  [TILE 0 0, RBB 13 12]        573     r            7442     {inst120: p_clk.tick_FDSE_Q_D_INV_O_I_CARRY4_O (CARRY4)}                                  
   p_clk.tick_FDSE_Q_D_INV_O_I                                Net         190             (fanout=2)        755                     -                                                                                               
   RBB_26/D1                                                  RBB_6L       26   [TILE 0 0, RBB 13 8]          -     r            8197                                                                                               
   RBB_26/D                                                   RBB_6L       26   [TILE 0 0, RBB 13 8]        694     r            8891     {inst117: p_clk.counter_reg_LUT2_I1 (LUT,site=dlut)}                                      
   p_clk.counter_reg_FDRE_Q_D                                 Net         126             (fanout=1)       1500                     -                                                                                               
   RBB_7/O[0]                                                 IOB           7   [TILE 0 0, RBB 31 8]          -     r           10391     {inst172: pulse_OUT (FDR)} {(output_port) inst168: g_168_pulse_obuf (IO)}                 
   -----------------------------------------------------------------------------------------------------------------------------------------------------------------------------------------------------------------------------------
   RBB_7/CLK                                                  IOB           7   [TILE 0 0, RBB 31 8]        792     r           11183                                                                                               
   clk                                                        Clock net    17           (fanout=613)       -977                     -                                                                                               
   clk                                                        CLOCK-PORT    -                      -    capture     r           10206                                                                                               
   -----------------------------------------------------------------------------------------------------------------------------------------------------------------------------------------------------------------------------------


Path 4:
   Slack (not met):                         -8349ps
     Path type:                               SETUP
     Group:                              <UDEF_clk>
     Launching clock:                           clk (rising edge)
     Capturing clock:                           clk (rising edge)

     Requested period:                       2000ps
   + Delay of the capturing clock:            952ps
   - Clock uncertainty:                       150ps
   = Required time:                          2802ps
   - Propagation time:                      10145ps (57.2% logic, 42.8% route, logic stage 10)
   - Delay of the launching clock:           1006ps
   = Slack:                                 -8349ps

   Instance/Pin or Net Name                                   Type         ID     Location or Fanout   Delay(ps)  Edge  Arrival Time(ps)    Instance detail                                                                         
   -----------------------------------------------------------------------------------------------------------------------------------------------------------------------------------------------------------------------------------
   clk                                                        CLOCK-PORT    -                      -     launch     r               0                                                                                               
   clk                                                        Clock net    17           (fanout=613)       1006                     -                                                                                               
   RBB_22/CLK                                                 RBB_6L       22  [TILE 0 0, RBB 19 14]          -     r            1006                                                                                               
   -----------------------------------------------------------------------------------------------------------------------------------------------------------------------------------------------------------------------------------
   RBB_22/BQ                                                  RBB_6L       22  [TILE 0 0, RBB 19 14]        800     r            1806     {inst94: p_clk.count_FDRE_Q_12 (FDR,site=bff)}                                            
   p_clk.count[13]                                            Net          25             (fanout=2)       1642                     -                                                                                               
   RBB_22/D4                                                  RBB_6L       22  [TILE 0 0, RBB 19 14]          -     r            3448                                                                                               
   RBB_22/DMUX                                                RBB_6L       22  [TILE 0 0, RBB 19 14]        863     r            4311     {inst122: p_clk.tick_FDSE_Q_D_INV_O_I_CARRY4_O_CI_CARRY4_CO_DI_1_LUT2_O (LUT,site=dluto)} 
   p_clk.tick_FDSE_Q_D_INV_O_I_CARRY4_O_CI_CARRY4_CO_DI_1[4]  Net         105             (fanout=2)       1190                     -                                                                                               
   RBB_17/C5                                                  RBB_6L       17  [TILE 0 0, RBB 10 12]          -     r            5501                                                                                               
   RBB_17/COUT                                                RBB_6L       17  [TILE 0 0, RBB 10 12]       1368     r            6869     {inst121: p_clk.tick_FDSE_Q_D_INV_O_I_CARRY4_O_CI_CARRY4_CO (CARRY4)}                     
   p_clk.tick_FDSE_Q_D_INV_O_I_CARRY4_O_CI                    Net          67             (fanout=1)          0                     -                                                                                               
   RBB_18/CIN                                                 RBB_6L       18  [TILE 0 0, RBB 13 12]          -     r            6869                                                                                               
   RBB_18/BMUX                                                RBB_6L       18  [TILE 0 0, RBB 13 12]        573     r            7442     {inst120: p_clk.tick_FDSE_Q_D_INV_O_I_CARRY4_O (CARRY4)}                                  
   p_clk.tick_FDSE_Q_D_INV_O_I                                Net         190             (fanout=2)        826                     -                                                                                               
   RBB_18/D2                                                  RBB_6L       18  [TILE 0 0, RBB 13 12]          -     r            8268                                                                                               
   RBB_18/DMUX                                                RBB_6L       18  [TILE 0 0, RBB 13 12]        863     r            9131     {inst141: p_clk.tick_FDSE_Q_D_INV_O_I_LUT2_I1 (LUT,site=dluto)}                           
   p_clk.tick_FDSE_Q_D_INV_O_I_LUT2_I1_O                      Net         167             (fanout=1)        689                     -                                                                                               
   RBB_19/A6                                                  RBB_6L       19  [TILE 0 0, RBB 10 14]          -     r            9820                                                                                               
   RBB_19/SRout                                               RBB_6L       19  [TILE 0 0, RBB 10 14]          2     r            9822                                                                                               
   p_clk.tick_FDSE_Q_D_INV_O_I_LUT2_I1_O                      Net         167             (fanout=1)          0                     -                                                                                               
   RBB_20/SRin                                                RBB_6L       20  [TILE 0 0, RBB 13 14]          -     r            9822                                                                                               
   RBB_20/SRout                                               RBB_6L       20  [TILE 0 0, RBB 13 14]          2     r            9824                                                                                               
   p_clk.tick_FDSE_Q_D_INV_O_I_LUT2_I1_O                      Net         167             (fanout=1)          0                     -                                                                                               
   RBB_21/SRin                                                RBB_6L       21  [TILE 0 0, RBB 16 14]          -     r            9824                                                                                               
   RBB_21/SRout                                               RBB_6L       21  [TILE 0 0, RBB 16 14]          2     r            9826                                                                                               
   p_clk.tick_FDSE_Q_D_INV_O_I_LUT2_I1_O                      Net         167             (fanout=1)          0                     -                                                                                               
   RBB_22/SRin                                                RBB_6L       22  [TILE 0 0, RBB 19 14]          -     r            9826                                                                                               
   RBB_22/SRout                                               RBB_6L       22  [TILE 0 0, RBB 19 14]          2     r            9828                                                                                               
   p_clk.tick_FDSE_Q_D_INV_O_I_LUT2_I1_O                      Net         167             (fanout=1)          0                     -                                                                                               
   RBB_23/SRin                                                RBB_6L       23  [TILE 0 0, RBB 22 14]          -     r            9828                                                                                               
   RBB_23/SRout                                               RBB_6L       23  [TILE 0 0, RBB 22 14]          2     r            9830                                                                                               
   p_clk.tick_FDSE_Q_D_INV_O_I_LUT2_I1_O                      Net         167             (fanout=1)          0                     -                                                                                               
   RBB_24/SRin                                                RBB_6L       24  [TILE 0 0, RBB 25 14]          -     r            9830     {<SR>inst102: p_clk.count_FDRE_Q_2 (FDR,site=dff)}                                        
   -----------------------------------------------------------------------------------------------------------------------------------------------------------------------------------------------------------------------------------
   RBB_24/CLK                                                 RBB_6L       24  [TILE 0 0, RBB 25 14]       1321     r           11151                                                                                               
   clk                                                        Clock net    17           (fanout=613)       -952                     -                                                                                               
   clk                                                        CLOCK-PORT    -                      -    capture     r           10199                                                                                               
   -----------------------------------------------------------------------------------------------------------------------------------------------------------------------------------------------------------------------------------


Path 5:
   Slack (not met):                         -8343ps
     Path type:                               SETUP
     Group:                              <UDEF_clk>
     Launching clock:                           clk (rising edge)
     Capturing clock:                           clk (rising edge)

     Requested period:                       2000ps
   + Delay of the capturing clock:            956ps
   - Clock uncertainty:                       150ps
   = Required time:                          2806ps
   - Propagation time:                      10143ps (57.1% logic, 42.9% route, logic stage 9)
   - Delay of the launching clock:           1006ps
   = Slack:                                 -8343ps

   Instance/Pin or Net Name                                   Type         ID     Location or Fanout   Delay(ps)  Edge  Arrival Time(ps)    Instance detail                                                                         
   -----------------------------------------------------------------------------------------------------------------------------------------------------------------------------------------------------------------------------------
   clk                                                        CLOCK-PORT    -                      -     launch     r               0                                                                                               
   clk                                                        Clock net    17           (fanout=613)       1006                     -                                                                                               
   RBB_22/CLK                                                 RBB_6L       22  [TILE 0 0, RBB 19 14]          -     r            1006                                                                                               
   -----------------------------------------------------------------------------------------------------------------------------------------------------------------------------------------------------------------------------------
   RBB_22/BQ                                                  RBB_6L       22  [TILE 0 0, RBB 19 14]        800     r            1806     {inst94: p_clk.count_FDRE_Q_12 (FDR,site=bff)}                                            
   p_clk.count[13]                                            Net          25             (fanout=2)       1642                     -                                                                                               
   RBB_22/D4                                                  RBB_6L       22  [TILE 0 0, RBB 19 14]          -     r            3448                                                                                               
   RBB_22/DMUX                                                RBB_6L       22  [TILE 0 0, RBB 19 14]        863     r            4311     {inst122: p_clk.tick_FDSE_Q_D_INV_O_I_CARRY4_O_CI_CARRY4_CO_DI_1_LUT2_O (LUT,site=dluto)} 
   p_clk.tick_FDSE_Q_D_INV_O_I_CARRY4_O_CI_CARRY4_CO_DI_1[4]  Net         105             (fanout=2)       1190                     -                                                                                               
   RBB_17/C5                                                  RBB_6L       17  [TILE 0 0, RBB 10 12]          -     r            5501                                                                                               
   RBB_17/COUT                                                RBB_6L       17  [TILE 0 0, RBB 10 12]       1368     r            6869     {inst121: p_clk.tick_FDSE_Q_D_INV_O_I_CARRY4_O_CI_CARRY4_CO (CARRY4)}                     
   p_clk.tick_FDSE_Q_D_INV_O_I_CARRY4_O_CI                    Net          67             (fanout=1)          0                     -                                                                                               
   RBB_18/CIN                                                 RBB_6L       18  [TILE 0 0, RBB 13 12]          -     r            6869                                                                                               
   RBB_18/BMUX                                                RBB_6L       18  [TILE 0 0, RBB 13 12]        573     r            7442     {inst120: p_clk.tick_FDSE_Q_D_INV_O_I_CARRY4_O (CARRY4)}                                  
   p_clk.tick_FDSE_Q_D_INV_O_I                                Net         190             (fanout=2)        826                     -                                                                                               
   RBB_18/D2                                                  RBB_6L       18  [TILE 0 0, RBB 13 12]          -     r            8268                                                                                               
   RBB_18/DMUX                                                RBB_6L       18  [TILE 0 0, RBB 13 12]        863     r            9131     {inst141: p_clk.tick_FDSE_Q_D_INV_O_I_LUT2_I1 (LUT,site=dluto)}                           
   p_clk.tick_FDSE_Q_D_INV_O_I_LUT2_I1_O                      Net         167             (fanout=1)        689                     -                                                                                               
   RBB_19/A6                                                  RBB_6L       19  [TILE 0 0, RBB 10 14]          -     r            9820                                                                                               
   RBB_19/SRout                                               RBB_6L       19  [TILE 0 0, RBB 10 14]          2     r            9822                                                                                               
   p_clk.tick_FDSE_Q_D_INV_O_I_LUT2_I1_O                      Net         167             (fanout=1)          0                     -                                                                                               
   RBB_20/SRin                                                RBB_6L       20  [TILE 0 0, RBB 13 14]          -     r            9822                                                                                               
   RBB_20/SRout                                               RBB_6L       20  [TILE 0 0, RBB 13 14]          2     r            9824                                                                                               
   p_clk.tick_FDSE_Q_D_INV_O_I_LUT2_I1_O                      Net         167             (fanout=1)          0                     -                                                                                               
   RBB_21/SRin                                                RBB_6L       21  [TILE 0 0, RBB 16 14]          -     r            9824                                                                                               
   RBB_21/SRout                                               RBB_6L       21  [TILE 0 0, RBB 16 14]          2     r            9826                                                                                               
   p_clk.tick_FDSE_Q_D_INV_O_I_LUT2_I1_O                      Net         167             (fanout=1)          0                     -                                                                                               
   RBB_22/SRin                                                RBB_6L       22  [TILE 0 0, RBB 19 14]          -     r            9826                                                                                               
   RBB_22/SRout                                               RBB_6L       22  [TILE 0 0, RBB 19 14]          2     r            9828                                                                                               
   p_clk.tick_FDSE_Q_D_INV_O_I_LUT2_I1_O                      Net         167             (fanout=1)          0                     -                                                                                               
   RBB_23/SRin                                                RBB_6L       23  [TILE 0 0, RBB 22 14]          -     r            9828     {<SR>inst112: p_clk.count_FDRE_Q_6 (FDR,site=dff)}                                        
   -----------------------------------------------------------------------------------------------------------------------------------------------------------------------------------------------------------------------------------
   RBB_23/CLK                                                 RBB_6L       23  [TILE 0 0, RBB 22 14]       1321     r           11149                                                                                               
   clk                                                        Clock net    17           (fanout=613)       -956                     -                                                                                               
   clk                                                        CLOCK-PORT    -                      -    capture     r           10193                                                                                               
   -----------------------------------------------------------------------------------------------------------------------------------------------------------------------------------------------------------------------------------


Path 6:
   Slack (met):                              1074ps
     Path type:                                HOLD
     Group:                              <UDEF_clk>
     Launching clock:                           clk (rising edge)
     Capturing clock:                           clk (rising edge)

   + Delay of the launching clock:            992ps
   + Propagation time:                       1260ps (51.9% logic, 48.1% route, logic stage 1)
   - Delay of the capturing clock:           1028ps
   - Clock uncertainty:                       150ps
   - Requested period:                          0ps
   = Slack:                                  1074ps

   Instance/Pin or Net Name   Type         ID     Location or Fanout   Delay(ps)  Edge  Arrival Time(ps)    Instance detail                                
   ----------------------------------------------------------------------------------------------------------------------------------------------------------
   clk                        CLOCK-PORT    -                      -     launch     r               0                                                      
   clk                        Clock net    17           (fanout=613)        992                     -                                                      
   RBB_17/CLK                 RBB_6L       17  [TILE 0 0, RBB 10 12]          -     r             992                                                      
   ----------------------------------------------------------------------------------------------------------------------------------------------------------
   RBB_17/DQ                  RBB_6L       17  [TILE 0 0, RBB 10 12]         94     r            1086     {inst72: my_fsm.next_state_FDRE_Q (FD,site=dff)} 
   my_fsm.next_state[4]       Net          53             (fanout=1)        606                     -                                                      
   RBB_29/D6                  RBB_6L       29  [TILE 0 0, RBB 13 10]          -     r            1692     {inst85: my_fsm.state_FDRE_Q (FDRE,site=dff)}    
   ----------------------------------------------------------------------------------------------------------------------------------------------------------
   RBB_29/CLK                 RBB_6L       29  [TILE 0 0, RBB 13 10]        560     r            2252                                                      
   clk                        Clock net    17           (fanout=613)      -1028                     -                                                      
   clk                        CLOCK-PORT    -                      -    capture     r            1224                                                      
   ----------------------------------------------------------------------------------------------------------------------------------------------------------


Path 7:
   Slack (met):                              1654ps
     Path type:                                HOLD
     Group:                              <UDEF_clk>
     Launching clock:                           clk (rising edge)
     Capturing clock:                           clk (rising edge)

   + Delay of the launching clock:            881ps
   + Propagation time:                       1951ps (65.8% logic, 34.2% route, logic stage 1)
   - Delay of the capturing clock:           1028ps
   - Clock uncertainty:                       150ps
   - Requested period:                          0ps
   = Slack:                                  1654ps

   Instance/Pin or Net Name   Type         ID     Location or Fanout   Delay(ps)  Edge  Arrival Time(ps)    Instance detail                                    
   --------------------------------------------------------------------------------------------------------------------------------------------------------------
   clk                        CLOCK-PORT    -                      -     launch     r               0                                                          
   clk                        Clock net    17           (fanout=613)        881                     -                                                          
   RBB_26/CLK                 RBB_6L       26   [TILE 0 0, RBB 13 8]          -     r             881                                                          
   --------------------------------------------------------------------------------------------------------------------------------------------------------------
   RBB_26/DMUX                RBB_6L       26   [TILE 0 0, RBB 13 8]        800     r            1681     {inst118: p_clk.tick_FDSE_Q (FDR,site=dffo)}         
   p_clk.tick                 Net          16             (fanout=3)        668                     -                                                          
   RBB_29/A6                  RBB_6L       29  [TILE 0 0, RBB 13 10]          -     r            2349     {<CE>inst87: my_fsm.state_FDRE_Q_2 (FDRE,site=dffo)} 
   --------------------------------------------------------------------------------------------------------------------------------------------------------------
   RBB_29/CLK                 RBB_6L       29  [TILE 0 0, RBB 13 10]        483     r            2832                                                          
   clk                        Clock net    17           (fanout=613)      -1028                     -                                                          
   clk                        CLOCK-PORT    -                      -    capture     r            1804                                                          
   --------------------------------------------------------------------------------------------------------------------------------------------------------------


Path 8:
   Slack (met):                              1993ps
     Path type:                                HOLD
     Group:                              <UDEF_clk>
     Launching clock:                           clk (rising edge)
     Capturing clock:                           clk (rising edge)

   + Delay of the launching clock:            881ps
   + Propagation time:                       2290ps (70.8% logic, 29.2% route, logic stage 1)
   - Delay of the capturing clock:           1028ps
   - Clock uncertainty:                       150ps
   - Requested period:                          0ps
   = Slack:                                  1993ps

   Instance/Pin or Net Name   Type         ID     Location or Fanout   Delay(ps)  Edge  Arrival Time(ps)    Instance detail                                 
   -----------------------------------------------------------------------------------------------------------------------------------------------------------
   clk                        CLOCK-PORT    -                      -     launch     r               0                                                       
   clk                        Clock net    17           (fanout=613)        881                     -                                                       
   RBB_26/CLK                 RBB_6L       26   [TILE 0 0, RBB 13 8]          -     r             881                                                       
   -----------------------------------------------------------------------------------------------------------------------------------------------------------
   RBB_26/DMUX                RBB_6L       26   [TILE 0 0, RBB 13 8]        800     r            1681     {inst118: p_clk.tick_FDSE_Q (FDR,site=dffo)}      
   p_clk.tick                 Net          16             (fanout=3)        668                     -                                                       
   RBB_29/A6                  RBB_6L       29  [TILE 0 0, RBB 13 10]          -     r            2349     {<CE>inst85: my_fsm.state_FDRE_Q (FDRE,site=dff)} 
   -----------------------------------------------------------------------------------------------------------------------------------------------------------
   RBB_29/CLK                 RBB_6L       29  [TILE 0 0, RBB 13 10]        822     r            3171                                                       
   clk                        Clock net    17           (fanout=613)      -1028                     -                                                       
   clk                        CLOCK-PORT    -                      -    capture     r            2143                                                       
   -----------------------------------------------------------------------------------------------------------------------------------------------------------













